::1 - - [12/Sep/2017:01:13:10 +0000] "GET / HTTP/1.1" 304 - "http://localhost:3000/reg" "Mozilla/5.0 (Windows NT 6.1; WOW64) AppleWebKit/537.36 (KHTML, like Gecko) Chrome/60.0.3112.113 Safari/537.36"
::1 - - [12/Sep/2017:01:13:10 +0000] "GET /stylesheets/bootstrap.css HTTP/1.1" 304 - "http://localhost:3000/" "Mozilla/5.0 (Windows NT 6.1; WOW64) AppleWebKit/537.36 (KHTML, like Gecko) Chrome/60.0.3112.113 Safari/537.36"
::1 - - [12/Sep/2017:01:13:10 +0000] "GET /stylesheets/bootstrap-responsive.css HTTP/1.1" 304 - "http://localhost:3000/" "Mozilla/5.0 (Windows NT 6.1; WOW64) AppleWebKit/537.36 (KHTML, like Gecko) Chrome/60.0.3112.113 Safari/537.36"
::1 - - [12/Sep/2017:01:13:10 +0000] "GET /javascripts/jquery.js HTTP/1.1" 304 - "http://localhost:3000/" "Mozilla/5.0 (Windows NT 6.1; WOW64) AppleWebKit/537.36 (KHTML, like Gecko) Chrome/60.0.3112.113 Safari/537.36"
::1 - - [12/Sep/2017:01:13:10 +0000] "GET /javascripts/bootstrap.js HTTP/1.1" 304 - "http://localhost:3000/" "Mozilla/5.0 (Windows NT 6.1; WOW64) AppleWebKit/537.36 (KHTML, like Gecko) Chrome/60.0.3112.113 Safari/537.36"
GET / 304 - - 54.838 ms
GET /stylesheets/bootstrap.css 304 - - 9.505 ms
GET /stylesheets/bootstrap-responsive.css 304 - - 10.231 ms
GET /javascripts/jquery.js 304 - - 11.063 ms
GET /javascripts/bootstrap.js 304 - - 11.921 ms
::1 - - [Tue, 12 Sep 2017 06:50:57 GMT] "GET / HTTP/1.1" 200 3621 "-" "Mozilla/5.0 (Windows NT 6.1; WOW64) AppleWebKit/537.36 (KHTML, like Gecko) Chrome/60.0.3112.113 Safari/537.36"
::1 - - [Tue, 12 Sep 2017 06:50:57 GMT] "GET /stylesheets/bootstrap-responsive.css HTTP/1.1" 200 22102 "http://localhost:3000/" "Mozilla/5.0 (Windows NT 6.1; WOW64) AppleWebKit/537.36 (KHTML, like Gecko) Chrome/60.0.3112.113 Safari/537.36"
::1 - - [Tue, 12 Sep 2017 06:50:57 GMT] "GET /javascripts/bootstrap.js HTTP/1.1" 200 61884 "http://localhost:3000/" "Mozilla/5.0 (Windows NT 6.1; WOW64) AppleWebKit/537.36 (KHTML, like Gecko) Chrome/60.0.3112.113 Safari/537.36"
::1 - - [Tue, 12 Sep 2017 06:50:57 GMT] "GET /stylesheets/bootstrap.css HTTP/1.1" 200 127343 "http://localhost:3000/" "Mozilla/5.0 (Windows NT 6.1; WOW64) AppleWebKit/537.36 (KHTML, like Gecko) Chrome/60.0.3112.113 Safari/537.36"
::1 - - [Tue, 12 Sep 2017 06:50:57 GMT] "GET /javascripts/jquery.js HTTP/1.1" 200 268039 "http://localhost:3000/" "Mozilla/5.0 (Windows NT 6.1; WOW64) AppleWebKit/537.36 (KHTML, like Gecko) Chrome/60.0.3112.113 Safari/537.36"
::1 - - [Tue, 12 Sep 2017 06:50:57 GMT] "GET /favicon.ico HTTP/1.1" 404 3860 "http://localhost:3000/" "Mozilla/5.0 (Windows NT 6.1; WOW64) AppleWebKit/537.36 (KHTML, like Gecko) Chrome/60.0.3112.113 Safari/537.36"
::1 - - [Tue, 12 Sep 2017 06:53:33 GMT] "GET / HTTP/1.1" 304 - "-" "Mozilla/5.0 (Windows NT 6.1; WOW64) AppleWebKit/537.36 (KHTML, like Gecko) Chrome/60.0.3112.113 Safari/537.36"
::1 - - [Tue, 12 Sep 2017 06:53:33 GMT] "GET /stylesheets/bootstrap.css HTTP/1.1" 304 - "http://localhost:3000/" "Mozilla/5.0 (Windows NT 6.1; WOW64) AppleWebKit/537.36 (KHTML, like Gecko) Chrome/60.0.3112.113 Safari/537.36"
::1 - - [Tue, 12 Sep 2017 06:53:33 GMT] "GET /stylesheets/bootstrap-responsive.css HTTP/1.1" 304 - "http://localhost:3000/" "Mozilla/5.0 (Windows NT 6.1; WOW64) AppleWebKit/537.36 (KHTML, like Gecko) Chrome/60.0.3112.113 Safari/537.36"
::1 - - [Tue, 12 Sep 2017 06:53:33 GMT] "GET /javascripts/jquery.js HTTP/1.1" 304 - "http://localhost:3000/" "Mozilla/5.0 (Windows NT 6.1; WOW64) AppleWebKit/537.36 (KHTML, like Gecko) Chrome/60.0.3112.113 Safari/537.36"
::1 - - [Tue, 12 Sep 2017 06:53:33 GMT] "GET /javascripts/bootstrap.js HTTP/1.1" 304 - "http://localhost:3000/" "Mozilla/5.0 (Windows NT 6.1; WOW64) AppleWebKit/537.36 (KHTML, like Gecko) Chrome/60.0.3112.113 Safari/537.36"
::1 - - [Tue, 12 Sep 2017 06:53:34 GMT] "GET /login HTTP/1.1" 200 2413 "http://localhost:3000/" "Mozilla/5.0 (Windows NT 6.1; WOW64) AppleWebKit/537.36 (KHTML, like Gecko) Chrome/60.0.3112.113 Safari/537.36"
::1 - - [Tue, 12 Sep 2017 06:53:34 GMT] "GET /stylesheets/bootstrap.css HTTP/1.1" 304 - "http://localhost:3000/login" "Mozilla/5.0 (Windows NT 6.1; WOW64) AppleWebKit/537.36 (KHTML, like Gecko) Chrome/60.0.3112.113 Safari/537.36"
::1 - - [Tue, 12 Sep 2017 06:53:34 GMT] "GET /stylesheets/bootstrap-responsive.css HTTP/1.1" 304 - "http://localhost:3000/login" "Mozilla/5.0 (Windows NT 6.1; WOW64) AppleWebKit/537.36 (KHTML, like Gecko) Chrome/60.0.3112.113 Safari/537.36"
::1 - - [Tue, 12 Sep 2017 06:53:34 GMT] "GET /javascripts/jquery.js HTTP/1.1" 304 - "http://localhost:3000/login" "Mozilla/5.0 (Windows NT 6.1; WOW64) AppleWebKit/537.36 (KHTML, like Gecko) Chrome/60.0.3112.113 Safari/537.36"
::1 - - [Tue, 12 Sep 2017 06:53:34 GMT] "GET /javascripts/bootstrap.js HTTP/1.1" 304 - "http://localhost:3000/login" "Mozilla/5.0 (Windows NT 6.1; WOW64) AppleWebKit/537.36 (KHTML, like Gecko) Chrome/60.0.3112.113 Safari/537.36"
::1 - - [Tue, 12 Sep 2017 06:53:54 GMT] "GET / HTTP/1.1" 304 - "http://localhost:3000/" "Mozilla/5.0 (Windows NT 6.1; WOW64) AppleWebKit/537.36 (KHTML, like Gecko) Chrome/60.0.3112.113 Safari/537.36"
::1 - - [Tue, 12 Sep 2017 06:53:54 GMT] "GET /stylesheets/bootstrap.css HTTP/1.1" 304 - "http://localhost:3000/" "Mozilla/5.0 (Windows NT 6.1; WOW64) AppleWebKit/537.36 (KHTML, like Gecko) Chrome/60.0.3112.113 Safari/537.36"
::1 - - [Tue, 12 Sep 2017 06:53:54 GMT] "GET /stylesheets/bootstrap-responsive.css HTTP/1.1" 304 - "http://localhost:3000/" "Mozilla/5.0 (Windows NT 6.1; WOW64) AppleWebKit/537.36 (KHTML, like Gecko) Chrome/60.0.3112.113 Safari/537.36"
::1 - - [Tue, 12 Sep 2017 06:53:54 GMT] "GET /javascripts/jquery.js HTTP/1.1" 304 - "http://localhost:3000/" "Mozilla/5.0 (Windows NT 6.1; WOW64) AppleWebKit/537.36 (KHTML, like Gecko) Chrome/60.0.3112.113 Safari/537.36"
::1 - - [Tue, 12 Sep 2017 06:53:54 GMT] "GET /javascripts/bootstrap.js HTTP/1.1" 304 - "http://localhost:3000/" "Mozilla/5.0 (Windows NT 6.1; WOW64) AppleWebKit/537.36 (KHTML, like Gecko) Chrome/60.0.3112.113 Safari/537.36"
::1 - - [Tue, 12 Sep 2017 06:53:55 GMT] "GET /login HTTP/1.1" 304 - "http://localhost:3000/" "Mozilla/5.0 (Windows NT 6.1; WOW64) AppleWebKit/537.36 (KHTML, like Gecko) Chrome/60.0.3112.113 Safari/537.36"
::1 - - [Tue, 12 Sep 2017 06:53:55 GMT] "GET /stylesheets/bootstrap.css HTTP/1.1" 304 - "http://localhost:3000/login" "Mozilla/5.0 (Windows NT 6.1; WOW64) AppleWebKit/537.36 (KHTML, like Gecko) Chrome/60.0.3112.113 Safari/537.36"
::1 - - [Tue, 12 Sep 2017 06:53:55 GMT] "GET /stylesheets/bootstrap-responsive.css HTTP/1.1" 304 - "http://localhost:3000/login" "Mozilla/5.0 (Windows NT 6.1; WOW64) AppleWebKit/537.36 (KHTML, like Gecko) Chrome/60.0.3112.113 Safari/537.36"
::1 - - [Tue, 12 Sep 2017 06:53:55 GMT] "GET /javascripts/jquery.js HTTP/1.1" 304 - "http://localhost:3000/login" "Mozilla/5.0 (Windows NT 6.1; WOW64) AppleWebKit/537.36 (KHTML, like Gecko) Chrome/60.0.3112.113 Safari/537.36"
::1 - - [Tue, 12 Sep 2017 06:53:55 GMT] "GET /javascripts/bootstrap.js HTTP/1.1" 304 - "http://localhost:3000/login" "Mozilla/5.0 (Windows NT 6.1; WOW64) AppleWebKit/537.36 (KHTML, like Gecko) Chrome/60.0.3112.113 Safari/537.36"
::1 - - [Tue, 12 Sep 2017 06:53:55 GMT] "GET / HTTP/1.1" 304 - "http://localhost:3000/login" "Mozilla/5.0 (Windows NT 6.1; WOW64) AppleWebKit/537.36 (KHTML, like Gecko) Chrome/60.0.3112.113 Safari/537.36"
::1 - - [Tue, 12 Sep 2017 06:53:55 GMT] "GET /stylesheets/bootstrap.css HTTP/1.1" 304 - "http://localhost:3000/" "Mozilla/5.0 (Windows NT 6.1; WOW64) AppleWebKit/537.36 (KHTML, like Gecko) Chrome/60.0.3112.113 Safari/537.36"
::1 - - [Tue, 12 Sep 2017 06:53:55 GMT] "GET /stylesheets/bootstrap-responsive.css HTTP/1.1" 304 - "http://localhost:3000/" "Mozilla/5.0 (Windows NT 6.1; WOW64) AppleWebKit/537.36 (KHTML, like Gecko) Chrome/60.0.3112.113 Safari/537.36"
::1 - - [Tue, 12 Sep 2017 06:53:55 GMT] "GET /javascripts/jquery.js HTTP/1.1" 304 - "http://localhost:3000/" "Mozilla/5.0 (Windows NT 6.1; WOW64) AppleWebKit/537.36 (KHTML, like Gecko) Chrome/60.0.3112.113 Safari/537.36"
::1 - - [Tue, 12 Sep 2017 06:53:55 GMT] "GET /javascripts/bootstrap.js HTTP/1.1" 304 - "http://localhost:3000/" "Mozilla/5.0 (Windows NT 6.1; WOW64) AppleWebKit/537.36 (KHTML, like Gecko) Chrome/60.0.3112.113 Safari/537.36"
::1 - - [Tue, 12 Sep 2017 06:54:02 GMT] "GET /login HTTP/1.1" 304 - "http://localhost:3000/" "Mozilla/5.0 (Windows NT 6.1; WOW64) AppleWebKit/537.36 (KHTML, like Gecko) Chrome/60.0.3112.113 Safari/537.36"
::1 - - [Tue, 12 Sep 2017 06:54:02 GMT] "GET /stylesheets/bootstrap.css HTTP/1.1" 304 - "http://localhost:3000/login" "Mozilla/5.0 (Windows NT 6.1; WOW64) AppleWebKit/537.36 (KHTML, like Gecko) Chrome/60.0.3112.113 Safari/537.36"
::1 - - [Tue, 12 Sep 2017 06:54:02 GMT] "GET /stylesheets/bootstrap-responsive.css HTTP/1.1" 304 - "http://localhost:3000/login" "Mozilla/5.0 (Windows NT 6.1; WOW64) AppleWebKit/537.36 (KHTML, like Gecko) Chrome/60.0.3112.113 Safari/537.36"
::1 - - [Tue, 12 Sep 2017 06:54:02 GMT] "GET /javascripts/jquery.js HTTP/1.1" 304 - "http://localhost:3000/login" "Mozilla/5.0 (Windows NT 6.1; WOW64) AppleWebKit/537.36 (KHTML, like Gecko) Chrome/60.0.3112.113 Safari/537.36"
::1 - - [Tue, 12 Sep 2017 06:54:02 GMT] "GET /javascripts/bootstrap.js HTTP/1.1" 304 - "http://localhost:3000/login" "Mozilla/5.0 (Windows NT 6.1; WOW64) AppleWebKit/537.36 (KHTML, like Gecko) Chrome/60.0.3112.113 Safari/537.36"
::1 - - [Tue, 12 Sep 2017 06:54:19 GMT] "POST /login HTTP/1.1" 302 46 "http://localhost:3000/login" "Mozilla/5.0 (Windows NT 6.1; WOW64) AppleWebKit/537.36 (KHTML, like Gecko) Chrome/60.0.3112.113 Safari/537.36"
::1 - - [Tue, 12 Sep 2017 06:54:19 GMT] "GET / HTTP/1.1" 200 3630 "http://localhost:3000/login" "Mozilla/5.0 (Windows NT 6.1; WOW64) AppleWebKit/537.36 (KHTML, like Gecko) Chrome/60.0.3112.113 Safari/537.36"
::1 - - [Tue, 12 Sep 2017 06:54:20 GMT] "GET /stylesheets/bootstrap.css HTTP/1.1" 304 - "http://localhost:3000/" "Mozilla/5.0 (Windows NT 6.1; WOW64) AppleWebKit/537.36 (KHTML, like Gecko) Chrome/60.0.3112.113 Safari/537.36"
::1 - - [Tue, 12 Sep 2017 06:54:20 GMT] "GET /stylesheets/bootstrap-responsive.css HTTP/1.1" 304 - "http://localhost:3000/" "Mozilla/5.0 (Windows NT 6.1; WOW64) AppleWebKit/537.36 (KHTML, like Gecko) Chrome/60.0.3112.113 Safari/537.36"
::1 - - [Tue, 12 Sep 2017 06:54:20 GMT] "GET /javascripts/jquery.js HTTP/1.1" 304 - "http://localhost:3000/" "Mozilla/5.0 (Windows NT 6.1; WOW64) AppleWebKit/537.36 (KHTML, like Gecko) Chrome/60.0.3112.113 Safari/537.36"
::1 - - [Tue, 12 Sep 2017 06:54:20 GMT] "GET /javascripts/bootstrap.js HTTP/1.1" 304 - "http://localhost:3000/" "Mozilla/5.0 (Windows NT 6.1; WOW64) AppleWebKit/537.36 (KHTML, like Gecko) Chrome/60.0.3112.113 Safari/537.36"
::1 - - [Tue, 12 Sep 2017 06:54:20 GMT] "GET /img/glyphicons-halflings-white.png HTTP/1.1" 200 8777 "http://localhost:3000/stylesheets/bootstrap.css" "Mozilla/5.0 (Windows NT 6.1; WOW64) AppleWebKit/537.36 (KHTML, like Gecko) Chrome/60.0.3112.113 Safari/537.36"
::1 - - [Tue, 12 Sep 2017 07:06:37 GMT] "GET / HTTP/1.1" 200 3551 "http://localhost:3000/" "Mozilla/5.0 (Windows NT 6.1; WOW64) AppleWebKit/537.36 (KHTML, like Gecko) Chrome/60.0.3112.113 Safari/537.36"
::1 - - [Tue, 12 Sep 2017 07:06:37 GMT] "GET /stylesheets/bootstrap.css HTTP/1.1" 304 - "http://localhost:3000/" "Mozilla/5.0 (Windows NT 6.1; WOW64) AppleWebKit/537.36 (KHTML, like Gecko) Chrome/60.0.3112.113 Safari/537.36"
::1 - - [Tue, 12 Sep 2017 07:06:37 GMT] "GET /stylesheets/bootstrap-responsive.css HTTP/1.1" 304 - "http://localhost:3000/" "Mozilla/5.0 (Windows NT 6.1; WOW64) AppleWebKit/537.36 (KHTML, like Gecko) Chrome/60.0.3112.113 Safari/537.36"
::1 - - [Tue, 12 Sep 2017 07:06:37 GMT] "GET /javascripts/jquery.js HTTP/1.1" 304 - "http://localhost:3000/" "Mozilla/5.0 (Windows NT 6.1; WOW64) AppleWebKit/537.36 (KHTML, like Gecko) Chrome/60.0.3112.113 Safari/537.36"
::1 - - [Tue, 12 Sep 2017 07:06:37 GMT] "GET /javascripts/bootstrap.js HTTP/1.1" 304 - "http://localhost:3000/" "Mozilla/5.0 (Windows NT 6.1; WOW64) AppleWebKit/537.36 (KHTML, like Gecko) Chrome/60.0.3112.113 Safari/537.36"
::1 - - [Tue, 12 Sep 2017 07:06:37 GMT] "GET /img/glyphicons-halflings-white.png HTTP/1.1" 304 - "http://localhost:3000/stylesheets/bootstrap.css" "Mozilla/5.0 (Windows NT 6.1; WOW64) AppleWebKit/537.36 (KHTML, like Gecko) Chrome/60.0.3112.113 Safari/537.36"
::1 - - [Tue, 12 Sep 2017 07:06:41 GMT] "GET /u/%E5%91%A8%E6%9D%B0%E4%BC%A6 HTTP/1.1" 200 2335 "http://localhost:3000/" "Mozilla/5.0 (Windows NT 6.1; WOW64) AppleWebKit/537.36 (KHTML, like Gecko) Chrome/60.0.3112.113 Safari/537.36"
::1 - - [Tue, 12 Sep 2017 07:06:41 GMT] "GET /stylesheets/bootstrap.css HTTP/1.1" 304 - "http://localhost:3000/u/%E5%91%A8%E6%9D%B0%E4%BC%A6" "Mozilla/5.0 (Windows NT 6.1; WOW64) AppleWebKit/537.36 (KHTML, like Gecko) Chrome/60.0.3112.113 Safari/537.36"
::1 - - [Tue, 12 Sep 2017 07:06:41 GMT] "GET /u/stylesheets/bootstrap-responsive.css HTTP/1.1" 404 3797 "http://localhost:3000/u/%E5%91%A8%E6%9D%B0%E4%BC%A6" "Mozilla/5.0 (Windows NT 6.1; WOW64) AppleWebKit/537.36 (KHTML, like Gecko) Chrome/60.0.3112.113 Safari/537.36"
::1 - - [Tue, 12 Sep 2017 07:06:41 GMT] "GET /javascripts/jquery.js HTTP/1.1" 304 - "http://localhost:3000/u/%E5%91%A8%E6%9D%B0%E4%BC%A6" "Mozilla/5.0 (Windows NT 6.1; WOW64) AppleWebKit/537.36 (KHTML, like Gecko) Chrome/60.0.3112.113 Safari/537.36"
::1 - - [Tue, 12 Sep 2017 07:06:41 GMT] "GET /javascripts/bootstrap.js HTTP/1.1" 304 - "http://localhost:3000/u/%E5%91%A8%E6%9D%B0%E4%BC%A6" "Mozilla/5.0 (Windows NT 6.1; WOW64) AppleWebKit/537.36 (KHTML, like Gecko) Chrome/60.0.3112.113 Safari/537.36"
::1 - - [Tue, 12 Sep 2017 07:06:41 GMT] "GET /img/glyphicons-halflings-white.png HTTP/1.1" 304 - "http://localhost:3000/stylesheets/bootstrap.css" "Mozilla/5.0 (Windows NT 6.1; WOW64) AppleWebKit/537.36 (KHTML, like Gecko) Chrome/60.0.3112.113 Safari/537.36"
::1 - - [Tue, 12 Sep 2017 07:06:44 GMT] "GET /u/%E6%A5%A0%E5%AE%9D%E5%AE%9D HTTP/1.1" 200 2530 "http://localhost:3000/" "Mozilla/5.0 (Windows NT 6.1; WOW64) AppleWebKit/537.36 (KHTML, like Gecko) Chrome/60.0.3112.113 Safari/537.36"
::1 - - [Tue, 12 Sep 2017 07:06:44 GMT] "GET /stylesheets/bootstrap.css HTTP/1.1" 304 - "http://localhost:3000/u/%E6%A5%A0%E5%AE%9D%E5%AE%9D" "Mozilla/5.0 (Windows NT 6.1; WOW64) AppleWebKit/537.36 (KHTML, like Gecko) Chrome/60.0.3112.113 Safari/537.36"
::1 - - [Tue, 12 Sep 2017 07:06:44 GMT] "GET /u/stylesheets/bootstrap-responsive.css HTTP/1.1" 404 3797 "http://localhost:3000/u/%E6%A5%A0%E5%AE%9D%E5%AE%9D" "Mozilla/5.0 (Windows NT 6.1; WOW64) AppleWebKit/537.36 (KHTML, like Gecko) Chrome/60.0.3112.113 Safari/537.36"
::1 - - [Tue, 12 Sep 2017 07:06:44 GMT] "GET /javascripts/jquery.js HTTP/1.1" 304 - "http://localhost:3000/u/%E6%A5%A0%E5%AE%9D%E5%AE%9D" "Mozilla/5.0 (Windows NT 6.1; WOW64) AppleWebKit/537.36 (KHTML, like Gecko) Chrome/60.0.3112.113 Safari/537.36"
::1 - - [Tue, 12 Sep 2017 07:06:44 GMT] "GET /javascripts/bootstrap.js HTTP/1.1" 304 - "http://localhost:3000/u/%E6%A5%A0%E5%AE%9D%E5%AE%9D" "Mozilla/5.0 (Windows NT 6.1; WOW64) AppleWebKit/537.36 (KHTML, like Gecko) Chrome/60.0.3112.113 Safari/537.36"
::1 - - [Tue, 12 Sep 2017 07:06:44 GMT] "GET /img/glyphicons-halflings-white.png HTTP/1.1" 304 - "http://localhost:3000/stylesheets/bootstrap.css" "Mozilla/5.0 (Windows NT 6.1; WOW64) AppleWebKit/537.36 (KHTML, like Gecko) Chrome/60.0.3112.113 Safari/537.36"
::1 - - [Tue, 12 Sep 2017 07:06:45 GMT] "GET /u/%E6%A5%A0%E5%AE%9D%E5%AE%9D HTTP/1.1" 304 - "http://localhost:3000/u/%E6%A5%A0%E5%AE%9D%E5%AE%9D" "Mozilla/5.0 (Windows NT 6.1; WOW64) AppleWebKit/537.36 (KHTML, like Gecko) Chrome/60.0.3112.113 Safari/537.36"
::1 - - [Tue, 12 Sep 2017 07:06:45 GMT] "GET /stylesheets/bootstrap.css HTTP/1.1" 304 - "http://localhost:3000/u/%E6%A5%A0%E5%AE%9D%E5%AE%9D" "Mozilla/5.0 (Windows NT 6.1; WOW64) AppleWebKit/537.36 (KHTML, like Gecko) Chrome/60.0.3112.113 Safari/537.36"
::1 - - [Tue, 12 Sep 2017 07:06:45 GMT] "GET /u/stylesheets/bootstrap-responsive.css HTTP/1.1" 404 3797 "http://localhost:3000/u/%E6%A5%A0%E5%AE%9D%E5%AE%9D" "Mozilla/5.0 (Windows NT 6.1; WOW64) AppleWebKit/537.36 (KHTML, like Gecko) Chrome/60.0.3112.113 Safari/537.36"
::1 - - [Tue, 12 Sep 2017 07:06:45 GMT] "GET /javascripts/jquery.js HTTP/1.1" 304 - "http://localhost:3000/u/%E6%A5%A0%E5%AE%9D%E5%AE%9D" "Mozilla/5.0 (Windows NT 6.1; WOW64) AppleWebKit/537.36 (KHTML, like Gecko) Chrome/60.0.3112.113 Safari/537.36"
::1 - - [Tue, 12 Sep 2017 07:06:45 GMT] "GET /javascripts/bootstrap.js HTTP/1.1" 304 - "http://localhost:3000/u/%E6%A5%A0%E5%AE%9D%E5%AE%9D" "Mozilla/5.0 (Windows NT 6.1; WOW64) AppleWebKit/537.36 (KHTML, like Gecko) Chrome/60.0.3112.113 Safari/537.36"
::1 - - [Tue, 12 Sep 2017 07:06:45 GMT] "GET /img/glyphicons-halflings-white.png HTTP/1.1" 304 - "http://localhost:3000/stylesheets/bootstrap.css" "Mozilla/5.0 (Windows NT 6.1; WOW64) AppleWebKit/537.36 (KHTML, like Gecko) Chrome/60.0.3112.113 Safari/537.36"
::1 - - [Tue, 12 Sep 2017 07:06:46 GMT] "GET /u/%E6%A5%A0%E5%AE%9D%E5%AE%9D HTTP/1.1" 304 - "http://localhost:3000/u/%E6%A5%A0%E5%AE%9D%E5%AE%9D" "Mozilla/5.0 (Windows NT 6.1; WOW64) AppleWebKit/537.36 (KHTML, like Gecko) Chrome/60.0.3112.113 Safari/537.36"
::1 - - [Tue, 12 Sep 2017 07:06:46 GMT] "GET /stylesheets/bootstrap.css HTTP/1.1" 304 - "http://localhost:3000/u/%E6%A5%A0%E5%AE%9D%E5%AE%9D" "Mozilla/5.0 (Windows NT 6.1; WOW64) AppleWebKit/537.36 (KHTML, like Gecko) Chrome/60.0.3112.113 Safari/537.36"
::1 - - [Tue, 12 Sep 2017 07:06:46 GMT] "GET /u/stylesheets/bootstrap-responsive.css HTTP/1.1" 404 3797 "http://localhost:3000/u/%E6%A5%A0%E5%AE%9D%E5%AE%9D" "Mozilla/5.0 (Windows NT 6.1; WOW64) AppleWebKit/537.36 (KHTML, like Gecko) Chrome/60.0.3112.113 Safari/537.36"
::1 - - [Tue, 12 Sep 2017 07:06:46 GMT] "GET /javascripts/jquery.js HTTP/1.1" 304 - "http://localhost:3000/u/%E6%A5%A0%E5%AE%9D%E5%AE%9D" "Mozilla/5.0 (Windows NT 6.1; WOW64) AppleWebKit/537.36 (KHTML, like Gecko) Chrome/60.0.3112.113 Safari/537.36"
::1 - - [Tue, 12 Sep 2017 07:06:46 GMT] "GET /javascripts/bootstrap.js HTTP/1.1" 304 - "http://localhost:3000/u/%E6%A5%A0%E5%AE%9D%E5%AE%9D" "Mozilla/5.0 (Windows NT 6.1; WOW64) AppleWebKit/537.36 (KHTML, like Gecko) Chrome/60.0.3112.113 Safari/537.36"
::1 - - [Tue, 12 Sep 2017 07:06:46 GMT] "GET /img/glyphicons-halflings-white.png HTTP/1.1" 304 - "http://localhost:3000/stylesheets/bootstrap.css" "Mozilla/5.0 (Windows NT 6.1; WOW64) AppleWebKit/537.36 (KHTML, like Gecko) Chrome/60.0.3112.113 Safari/537.36"
::1 - - [Tue, 12 Sep 2017 07:06:46 GMT] "GET /u/%E6%A5%A0%E5%AE%9D%E5%AE%9D HTTP/1.1" 304 - "http://localhost:3000/u/%E6%A5%A0%E5%AE%9D%E5%AE%9D" "Mozilla/5.0 (Windows NT 6.1; WOW64) AppleWebKit/537.36 (KHTML, like Gecko) Chrome/60.0.3112.113 Safari/537.36"
::1 - - [Tue, 12 Sep 2017 07:06:46 GMT] "GET /stylesheets/bootstrap.css HTTP/1.1" 304 - "http://localhost:3000/u/%E6%A5%A0%E5%AE%9D%E5%AE%9D" "Mozilla/5.0 (Windows NT 6.1; WOW64) AppleWebKit/537.36 (KHTML, like Gecko) Chrome/60.0.3112.113 Safari/537.36"
::1 - - [Tue, 12 Sep 2017 07:06:46 GMT] "GET /u/stylesheets/bootstrap-responsive.css HTTP/1.1" 404 3797 "http://localhost:3000/u/%E6%A5%A0%E5%AE%9D%E5%AE%9D" "Mozilla/5.0 (Windows NT 6.1; WOW64) AppleWebKit/537.36 (KHTML, like Gecko) Chrome/60.0.3112.113 Safari/537.36"
::1 - - [Tue, 12 Sep 2017 07:06:46 GMT] "GET /javascripts/jquery.js HTTP/1.1" 304 - "http://localhost:3000/u/%E6%A5%A0%E5%AE%9D%E5%AE%9D" "Mozilla/5.0 (Windows NT 6.1; WOW64) AppleWebKit/537.36 (KHTML, like Gecko) Chrome/60.0.3112.113 Safari/537.36"
::1 - - [Tue, 12 Sep 2017 07:06:46 GMT] "GET /javascripts/bootstrap.js HTTP/1.1" 304 - "http://localhost:3000/u/%E6%A5%A0%E5%AE%9D%E5%AE%9D" "Mozilla/5.0 (Windows NT 6.1; WOW64) AppleWebKit/537.36 (KHTML, like Gecko) Chrome/60.0.3112.113 Safari/537.36"
::1 - - [Tue, 12 Sep 2017 07:06:47 GMT] "GET /img/glyphicons-halflings-white.png HTTP/1.1" 304 - "http://localhost:3000/stylesheets/bootstrap.css" "Mozilla/5.0 (Windows NT 6.1; WOW64) AppleWebKit/537.36 (KHTML, like Gecko) Chrome/60.0.3112.113 Safari/537.36"
::1 - - [Tue, 12 Sep 2017 07:06:47 GMT] "GET /u/%E6%A5%A0%E5%AE%9D%E5%AE%9D HTTP/1.1" 304 - "http://localhost:3000/u/%E6%A5%A0%E5%AE%9D%E5%AE%9D" "Mozilla/5.0 (Windows NT 6.1; WOW64) AppleWebKit/537.36 (KHTML, like Gecko) Chrome/60.0.3112.113 Safari/537.36"
::1 - - [Tue, 12 Sep 2017 07:06:47 GMT] "GET /stylesheets/bootstrap.css HTTP/1.1" 304 - "http://localhost:3000/u/%E6%A5%A0%E5%AE%9D%E5%AE%9D" "Mozilla/5.0 (Windows NT 6.1; WOW64) AppleWebKit/537.36 (KHTML, like Gecko) Chrome/60.0.3112.113 Safari/537.36"
::1 - - [Tue, 12 Sep 2017 07:06:47 GMT] "GET /u/stylesheets/bootstrap-responsive.css HTTP/1.1" 404 3797 "http://localhost:3000/u/%E6%A5%A0%E5%AE%9D%E5%AE%9D" "Mozilla/5.0 (Windows NT 6.1; WOW64) AppleWebKit/537.36 (KHTML, like Gecko) Chrome/60.0.3112.113 Safari/537.36"
::1 - - [Tue, 12 Sep 2017 07:06:47 GMT] "GET /javascripts/jquery.js HTTP/1.1" 304 - "http://localhost:3000/u/%E6%A5%A0%E5%AE%9D%E5%AE%9D" "Mozilla/5.0 (Windows NT 6.1; WOW64) AppleWebKit/537.36 (KHTML, like Gecko) Chrome/60.0.3112.113 Safari/537.36"
::1 - - [Tue, 12 Sep 2017 07:06:47 GMT] "GET /javascripts/bootstrap.js HTTP/1.1" 304 - "http://localhost:3000/u/%E6%A5%A0%E5%AE%9D%E5%AE%9D" "Mozilla/5.0 (Windows NT 6.1; WOW64) AppleWebKit/537.36 (KHTML, like Gecko) Chrome/60.0.3112.113 Safari/537.36"
::1 - - [Tue, 12 Sep 2017 07:06:47 GMT] "GET /img/glyphicons-halflings-white.png HTTP/1.1" 304 - "http://localhost:3000/stylesheets/bootstrap.css" "Mozilla/5.0 (Windows NT 6.1; WOW64) AppleWebKit/537.36 (KHTML, like Gecko) Chrome/60.0.3112.113 Safari/537.36"
::1 - - [Tue, 12 Sep 2017 07:06:47 GMT] "GET /u/%E6%A5%A0%E5%AE%9D%E5%AE%9D HTTP/1.1" 304 - "http://localhost:3000/u/%E6%A5%A0%E5%AE%9D%E5%AE%9D" "Mozilla/5.0 (Windows NT 6.1; WOW64) AppleWebKit/537.36 (KHTML, like Gecko) Chrome/60.0.3112.113 Safari/537.36"
::1 - - [Tue, 12 Sep 2017 07:06:47 GMT] "GET /stylesheets/bootstrap.css HTTP/1.1" 304 - "http://localhost:3000/u/%E6%A5%A0%E5%AE%9D%E5%AE%9D" "Mozilla/5.0 (Windows NT 6.1; WOW64) AppleWebKit/537.36 (KHTML, like Gecko) Chrome/60.0.3112.113 Safari/537.36"
::1 - - [Tue, 12 Sep 2017 07:06:47 GMT] "GET /u/stylesheets/bootstrap-responsive.css HTTP/1.1" 404 3797 "http://localhost:3000/u/%E6%A5%A0%E5%AE%9D%E5%AE%9D" "Mozilla/5.0 (Windows NT 6.1; WOW64) AppleWebKit/537.36 (KHTML, like Gecko) Chrome/60.0.3112.113 Safari/537.36"
::1 - - [Tue, 12 Sep 2017 07:06:47 GMT] "GET /javascripts/jquery.js HTTP/1.1" 304 - "http://localhost:3000/u/%E6%A5%A0%E5%AE%9D%E5%AE%9D" "Mozilla/5.0 (Windows NT 6.1; WOW64) AppleWebKit/537.36 (KHTML, like Gecko) Chrome/60.0.3112.113 Safari/537.36"
::1 - - [Tue, 12 Sep 2017 07:06:47 GMT] "GET /javascripts/bootstrap.js HTTP/1.1" 304 - "http://localhost:3000/u/%E6%A5%A0%E5%AE%9D%E5%AE%9D" "Mozilla/5.0 (Windows NT 6.1; WOW64) AppleWebKit/537.36 (KHTML, like Gecko) Chrome/60.0.3112.113 Safari/537.36"
::1 - - [Tue, 12 Sep 2017 07:06:47 GMT] "GET /img/glyphicons-halflings-white.png HTTP/1.1" 304 - "http://localhost:3000/stylesheets/bootstrap.css" "Mozilla/5.0 (Windows NT 6.1; WOW64) AppleWebKit/537.36 (KHTML, like Gecko) Chrome/60.0.3112.113 Safari/537.36"
::1 - - [Tue, 12 Sep 2017 07:06:48 GMT] "GET /u/%E6%A5%A0%E5%AE%9D%E5%AE%9D HTTP/1.1" 304 - "http://localhost:3000/u/%E6%A5%A0%E5%AE%9D%E5%AE%9D" "Mozilla/5.0 (Windows NT 6.1; WOW64) AppleWebKit/537.36 (KHTML, like Gecko) Chrome/60.0.3112.113 Safari/537.36"
::1 - - [Tue, 12 Sep 2017 07:06:48 GMT] "GET /stylesheets/bootstrap.css HTTP/1.1" 304 - "http://localhost:3000/u/%E6%A5%A0%E5%AE%9D%E5%AE%9D" "Mozilla/5.0 (Windows NT 6.1; WOW64) AppleWebKit/537.36 (KHTML, like Gecko) Chrome/60.0.3112.113 Safari/537.36"
::1 - - [Tue, 12 Sep 2017 07:06:48 GMT] "GET /u/stylesheets/bootstrap-responsive.css HTTP/1.1" 404 3797 "http://localhost:3000/u/%E6%A5%A0%E5%AE%9D%E5%AE%9D" "Mozilla/5.0 (Windows NT 6.1; WOW64) AppleWebKit/537.36 (KHTML, like Gecko) Chrome/60.0.3112.113 Safari/537.36"
::1 - - [Tue, 12 Sep 2017 07:06:48 GMT] "GET /javascripts/jquery.js HTTP/1.1" 304 - "http://localhost:3000/u/%E6%A5%A0%E5%AE%9D%E5%AE%9D" "Mozilla/5.0 (Windows NT 6.1; WOW64) AppleWebKit/537.36 (KHTML, like Gecko) Chrome/60.0.3112.113 Safari/537.36"
::1 - - [Tue, 12 Sep 2017 07:06:48 GMT] "GET /javascripts/bootstrap.js HTTP/1.1" 304 - "http://localhost:3000/u/%E6%A5%A0%E5%AE%9D%E5%AE%9D" "Mozilla/5.0 (Windows NT 6.1; WOW64) AppleWebKit/537.36 (KHTML, like Gecko) Chrome/60.0.3112.113 Safari/537.36"
::1 - - [Tue, 12 Sep 2017 07:06:48 GMT] "GET /img/glyphicons-halflings-white.png HTTP/1.1" 304 - "http://localhost:3000/stylesheets/bootstrap.css" "Mozilla/5.0 (Windows NT 6.1; WOW64) AppleWebKit/537.36 (KHTML, like Gecko) Chrome/60.0.3112.113 Safari/537.36"
::1 - - [Fri, 15 Sep 2017 02:41:14 GMT] "GET /users HTTP/1.1" 404 3860 "-" "Mozilla/5.0 (Windows NT 6.1; WOW64; rv:55.0) Gecko/20100101 Firefox/55.0"
::1 - - [Fri, 15 Sep 2017 02:41:14 GMT] "GET /stylesheets/bootstrap-responsive.css HTTP/1.1" 200 22102 "http://localhost:3000/users" "Mozilla/5.0 (Windows NT 6.1; WOW64; rv:55.0) Gecko/20100101 Firefox/55.0"
::1 - - [Fri, 15 Sep 2017 02:41:14 GMT] "GET /javascripts/jquery.js HTTP/1.1" 200 268039 "http://localhost:3000/users" "Mozilla/5.0 (Windows NT 6.1; WOW64; rv:55.0) Gecko/20100101 Firefox/55.0"
::1 - - [Fri, 15 Sep 2017 02:41:14 GMT] "GET /javascripts/bootstrap.js HTTP/1.1" 200 61884 "http://localhost:3000/users" "Mozilla/5.0 (Windows NT 6.1; WOW64; rv:55.0) Gecko/20100101 Firefox/55.0"
::1 - - [Fri, 15 Sep 2017 02:41:14 GMT] "GET /stylesheets/bootstrap.css HTTP/1.1" 200 127343 "http://localhost:3000/users" "Mozilla/5.0 (Windows NT 6.1; WOW64; rv:55.0) Gecko/20100101 Firefox/55.0"
::1 - - [Fri, 15 Sep 2017 02:41:14 GMT] "GET /favicon.ico HTTP/1.1" 404 3860 "-" "Mozilla/5.0 (Windows NT 6.1; WOW64; rv:55.0) Gecko/20100101 Firefox/55.0"
::1 - - [Fri, 15 Sep 2017 02:41:26 GMT] "GET /login HTTP/1.1" 200 2413 "-" "Mozilla/5.0 (Windows NT 6.1; WOW64; rv:55.0) Gecko/20100101 Firefox/55.0"
::1 - - [Fri, 15 Sep 2017 02:41:27 GMT] "GET /stylesheets/bootstrap.css HTTP/1.1" 304 - "http://localhost:3000/login" "Mozilla/5.0 (Windows NT 6.1; WOW64; rv:55.0) Gecko/20100101 Firefox/55.0"
::1 - - [Fri, 15 Sep 2017 02:41:27 GMT] "GET /stylesheets/bootstrap-responsive.css HTTP/1.1" 304 - "http://localhost:3000/login" "Mozilla/5.0 (Windows NT 6.1; WOW64; rv:55.0) Gecko/20100101 Firefox/55.0"
::1 - - [Fri, 15 Sep 2017 02:41:27 GMT] "GET /javascripts/jquery.js HTTP/1.1" 304 - "http://localhost:3000/login" "Mozilla/5.0 (Windows NT 6.1; WOW64; rv:55.0) Gecko/20100101 Firefox/55.0"
::1 - - [Fri, 15 Sep 2017 02:41:27 GMT] "GET /javascripts/bootstrap.js HTTP/1.1" 304 - "http://localhost:3000/login" "Mozilla/5.0 (Windows NT 6.1; WOW64; rv:55.0) Gecko/20100101 Firefox/55.0"
::1 - - [Fri, 15 Sep 2017 02:41:35 GMT] "GET /login HTTP/1.1" 304 - "-" "Mozilla/5.0 (Windows NT 6.1; WOW64; rv:55.0) Gecko/20100101 Firefox/55.0"
::1 - - [Fri, 15 Sep 2017 02:41:36 GMT] "GET /stylesheets/bootstrap.css HTTP/1.1" 304 - "http://localhost:3000/login" "Mozilla/5.0 (Windows NT 6.1; WOW64; rv:55.0) Gecko/20100101 Firefox/55.0"
::1 - - [Fri, 15 Sep 2017 02:41:36 GMT] "GET /stylesheets/bootstrap-responsive.css HTTP/1.1" 304 - "http://localhost:3000/login" "Mozilla/5.0 (Windows NT 6.1; WOW64; rv:55.0) Gecko/20100101 Firefox/55.0"
::1 - - [Fri, 15 Sep 2017 02:41:36 GMT] "GET /javascripts/jquery.js HTTP/1.1" 304 - "http://localhost:3000/login" "Mozilla/5.0 (Windows NT 6.1; WOW64; rv:55.0) Gecko/20100101 Firefox/55.0"
::1 - - [Fri, 15 Sep 2017 02:41:36 GMT] "GET /javascripts/bootstrap.js HTTP/1.1" 304 - "http://localhost:3000/login" "Mozilla/5.0 (Windows NT 6.1; WOW64; rv:55.0) Gecko/20100101 Firefox/55.0"
::1 - - [Fri, 15 Sep 2017 02:41:38 GMT] "GET / HTTP/1.1" 200 3621 "http://localhost:3000/login" "Mozilla/5.0 (Windows NT 6.1; WOW64; rv:55.0) Gecko/20100101 Firefox/55.0"
::1 - - [Fri, 15 Sep 2017 02:41:38 GMT] "GET /stylesheets/bootstrap.css HTTP/1.1" 304 - "http://localhost:3000/" "Mozilla/5.0 (Windows NT 6.1; WOW64; rv:55.0) Gecko/20100101 Firefox/55.0"
::1 - - [Fri, 15 Sep 2017 02:41:38 GMT] "GET /stylesheets/bootstrap-responsive.css HTTP/1.1" 304 - "http://localhost:3000/" "Mozilla/5.0 (Windows NT 6.1; WOW64; rv:55.0) Gecko/20100101 Firefox/55.0"
::1 - - [Fri, 15 Sep 2017 02:41:38 GMT] "GET /javascripts/jquery.js HTTP/1.1" 304 - "http://localhost:3000/" "Mozilla/5.0 (Windows NT 6.1; WOW64; rv:55.0) Gecko/20100101 Firefox/55.0"
::1 - - [Fri, 15 Sep 2017 02:41:38 GMT] "GET /javascripts/bootstrap.js HTTP/1.1" 304 - "http://localhost:3000/" "Mozilla/5.0 (Windows NT 6.1; WOW64; rv:55.0) Gecko/20100101 Firefox/55.0"
::1 - - [Fri, 15 Sep 2017 02:41:49 GMT] "GET /u/%E5%91%A8%E6%9D%B0%E4%BC%A6 HTTP/1.1" 200 2130 "http://localhost:3000/" "Mozilla/5.0 (Windows NT 6.1; WOW64; rv:55.0) Gecko/20100101 Firefox/55.0"
::1 - - [Fri, 15 Sep 2017 02:41:49 GMT] "GET /u/stylesheets/bootstrap-responsive.css HTTP/1.1" 404 3856 "http://localhost:3000/u/%E5%91%A8%E6%9D%B0%E4%BC%A6" "Mozilla/5.0 (Windows NT 6.1; WOW64; rv:55.0) Gecko/20100101 Firefox/55.0"
::1 - - [Fri, 15 Sep 2017 02:41:49 GMT] "GET /stylesheets/bootstrap.css HTTP/1.1" 304 - "http://localhost:3000/u/%E5%91%A8%E6%9D%B0%E4%BC%A6" "Mozilla/5.0 (Windows NT 6.1; WOW64; rv:55.0) Gecko/20100101 Firefox/55.0"
::1 - - [Fri, 15 Sep 2017 02:41:49 GMT] "GET /javascripts/bootstrap.js HTTP/1.1" 304 - "http://localhost:3000/u/%E5%91%A8%E6%9D%B0%E4%BC%A6" "Mozilla/5.0 (Windows NT 6.1; WOW64; rv:55.0) Gecko/20100101 Firefox/55.0"
::1 - - [Fri, 15 Sep 2017 02:41:49 GMT] "GET /javascripts/jquery.js HTTP/1.1" 304 - "http://localhost:3000/u/%E5%91%A8%E6%9D%B0%E4%BC%A6" "Mozilla/5.0 (Windows NT 6.1; WOW64; rv:55.0) Gecko/20100101 Firefox/55.0"
::1 - - [Fri, 15 Sep 2017 02:41:51 GMT] "GET /login HTTP/1.1" 304 - "http://localhost:3000/u/%E5%91%A8%E6%9D%B0%E4%BC%A6" "Mozilla/5.0 (Windows NT 6.1; WOW64; rv:55.0) Gecko/20100101 Firefox/55.0"
::1 - - [Fri, 15 Sep 2017 02:41:51 GMT] "GET /stylesheets/bootstrap.css HTTP/1.1" 304 - "http://localhost:3000/login" "Mozilla/5.0 (Windows NT 6.1; WOW64; rv:55.0) Gecko/20100101 Firefox/55.0"
::1 - - [Fri, 15 Sep 2017 02:41:51 GMT] "GET /stylesheets/bootstrap-responsive.css HTTP/1.1" 304 - "http://localhost:3000/login" "Mozilla/5.0 (Windows NT 6.1; WOW64; rv:55.0) Gecko/20100101 Firefox/55.0"
::1 - - [Fri, 15 Sep 2017 02:41:51 GMT] "GET /javascripts/jquery.js HTTP/1.1" 304 - "http://localhost:3000/login" "Mozilla/5.0 (Windows NT 6.1; WOW64; rv:55.0) Gecko/20100101 Firefox/55.0"
::1 - - [Fri, 15 Sep 2017 02:41:51 GMT] "GET /javascripts/bootstrap.js HTTP/1.1" 304 - "http://localhost:3000/login" "Mozilla/5.0 (Windows NT 6.1; WOW64; rv:55.0) Gecko/20100101 Firefox/55.0"
::1 - - [Fri, 15 Sep 2017 02:41:53 GMT] "GET / HTTP/1.1" 304 - "http://localhost:3000/login" "Mozilla/5.0 (Windows NT 6.1; WOW64; rv:55.0) Gecko/20100101 Firefox/55.0"
::1 - - [Fri, 15 Sep 2017 02:41:53 GMT] "GET /stylesheets/bootstrap-responsive.css HTTP/1.1" 304 - "http://localhost:3000/" "Mozilla/5.0 (Windows NT 6.1; WOW64; rv:55.0) Gecko/20100101 Firefox/55.0"
::1 - - [Fri, 15 Sep 2017 02:41:53 GMT] "GET /stylesheets/bootstrap.css HTTP/1.1" 304 - "http://localhost:3000/" "Mozilla/5.0 (Windows NT 6.1; WOW64; rv:55.0) Gecko/20100101 Firefox/55.0"
::1 - - [Fri, 15 Sep 2017 02:41:53 GMT] "GET /javascripts/jquery.js HTTP/1.1" 304 - "http://localhost:3000/" "Mozilla/5.0 (Windows NT 6.1; WOW64; rv:55.0) Gecko/20100101 Firefox/55.0"
::1 - - [Fri, 15 Sep 2017 02:41:53 GMT] "GET /javascripts/bootstrap.js HTTP/1.1" 304 - "http://localhost:3000/" "Mozilla/5.0 (Windows NT 6.1; WOW64; rv:55.0) Gecko/20100101 Firefox/55.0"
::1 - - [Fri, 15 Sep 2017 02:41:55 GMT] "GET /login HTTP/1.1" 304 - "http://localhost:3000/" "Mozilla/5.0 (Windows NT 6.1; WOW64; rv:55.0) Gecko/20100101 Firefox/55.0"
::1 - - [Fri, 15 Sep 2017 02:41:55 GMT] "GET /stylesheets/bootstrap.css HTTP/1.1" 304 - "http://localhost:3000/login" "Mozilla/5.0 (Windows NT 6.1; WOW64; rv:55.0) Gecko/20100101 Firefox/55.0"
::1 - - [Fri, 15 Sep 2017 02:41:55 GMT] "GET /stylesheets/bootstrap-responsive.css HTTP/1.1" 304 - "http://localhost:3000/login" "Mozilla/5.0 (Windows NT 6.1; WOW64; rv:55.0) Gecko/20100101 Firefox/55.0"
::1 - - [Fri, 15 Sep 2017 02:41:55 GMT] "GET /javascripts/jquery.js HTTP/1.1" 304 - "http://localhost:3000/login" "Mozilla/5.0 (Windows NT 6.1; WOW64; rv:55.0) Gecko/20100101 Firefox/55.0"
::1 - - [Fri, 15 Sep 2017 02:41:55 GMT] "GET /javascripts/bootstrap.js HTTP/1.1" 304 - "http://localhost:3000/login" "Mozilla/5.0 (Windows NT 6.1; WOW64; rv:55.0) Gecko/20100101 Firefox/55.0"
::1 - - [Fri, 15 Sep 2017 02:42:02 GMT] "POST /login HTTP/1.1" 302 56 "http://localhost:3000/login" "Mozilla/5.0 (Windows NT 6.1; WOW64; rv:55.0) Gecko/20100101 Firefox/55.0"
::1 - - [Fri, 15 Sep 2017 02:42:02 GMT] "GET /login HTTP/1.1" 200 2493 "http://localhost:3000/login" "Mozilla/5.0 (Windows NT 6.1; WOW64; rv:55.0) Gecko/20100101 Firefox/55.0"
::1 - - [Fri, 15 Sep 2017 02:42:02 GMT] "GET /stylesheets/bootstrap.css HTTP/1.1" 304 - "http://localhost:3000/login" "Mozilla/5.0 (Windows NT 6.1; WOW64; rv:55.0) Gecko/20100101 Firefox/55.0"
::1 - - [Fri, 15 Sep 2017 02:42:02 GMT] "GET /stylesheets/bootstrap-responsive.css HTTP/1.1" 304 - "http://localhost:3000/login" "Mozilla/5.0 (Windows NT 6.1; WOW64; rv:55.0) Gecko/20100101 Firefox/55.0"
::1 - - [Fri, 15 Sep 2017 02:42:02 GMT] "GET /javascripts/jquery.js HTTP/1.1" 304 - "http://localhost:3000/login" "Mozilla/5.0 (Windows NT 6.1; WOW64; rv:55.0) Gecko/20100101 Firefox/55.0"
::1 - - [Fri, 15 Sep 2017 02:42:02 GMT] "GET /javascripts/bootstrap.js HTTP/1.1" 304 - "http://localhost:3000/login" "Mozilla/5.0 (Windows NT 6.1; WOW64; rv:55.0) Gecko/20100101 Firefox/55.0"
::1 - - [Fri, 15 Sep 2017 02:42:26 GMT] "POST /login HTTP/1.1" 302 46 "http://localhost:3000/login" "Mozilla/5.0 (Windows NT 6.1; WOW64; rv:55.0) Gecko/20100101 Firefox/55.0"
::1 - - [Fri, 15 Sep 2017 02:42:26 GMT] "GET / HTTP/1.1" 200 3630 "http://localhost:3000/login" "Mozilla/5.0 (Windows NT 6.1; WOW64; rv:55.0) Gecko/20100101 Firefox/55.0"
::1 - - [Fri, 15 Sep 2017 02:42:26 GMT] "GET /stylesheets/bootstrap.css HTTP/1.1" 304 - "http://localhost:3000/" "Mozilla/5.0 (Windows NT 6.1; WOW64; rv:55.0) Gecko/20100101 Firefox/55.0"
::1 - - [Fri, 15 Sep 2017 02:42:26 GMT] "GET /stylesheets/bootstrap-responsive.css HTTP/1.1" 304 - "http://localhost:3000/" "Mozilla/5.0 (Windows NT 6.1; WOW64; rv:55.0) Gecko/20100101 Firefox/55.0"
::1 - - [Fri, 15 Sep 2017 02:42:26 GMT] "GET /javascripts/jquery.js HTTP/1.1" 304 - "http://localhost:3000/" "Mozilla/5.0 (Windows NT 6.1; WOW64; rv:55.0) Gecko/20100101 Firefox/55.0"
::1 - - [Fri, 15 Sep 2017 02:42:26 GMT] "GET /javascripts/bootstrap.js HTTP/1.1" 304 - "http://localhost:3000/" "Mozilla/5.0 (Windows NT 6.1; WOW64; rv:55.0) Gecko/20100101 Firefox/55.0"
::1 - - [Fri, 15 Sep 2017 02:42:26 GMT] "GET /img/glyphicons-halflings-white.png HTTP/1.1" 200 8777 "http://localhost:3000/stylesheets/bootstrap.css" "Mozilla/5.0 (Windows NT 6.1; WOW64; rv:55.0) Gecko/20100101 Firefox/55.0"
::1 - - [Fri, 15 Sep 2017 02:42:51 GMT] "POST /post HTTP/1.1" 302 104 "http://localhost:3000/" "Mozilla/5.0 (Windows NT 6.1; WOW64; rv:55.0) Gecko/20100101 Firefox/55.0"
::1 - - [Fri, 15 Sep 2017 02:42:51 GMT] "GET /u/%E5%91%A8%E6%9D%B0%E4%BC%A6 HTTP/1.1" 200 2542 "http://localhost:3000/" "Mozilla/5.0 (Windows NT 6.1; WOW64; rv:55.0) Gecko/20100101 Firefox/55.0"
::1 - - [Fri, 15 Sep 2017 02:42:51 GMT] "GET /stylesheets/bootstrap.css HTTP/1.1" 304 - "http://localhost:3000/u/%E5%91%A8%E6%9D%B0%E4%BC%A6" "Mozilla/5.0 (Windows NT 6.1; WOW64; rv:55.0) Gecko/20100101 Firefox/55.0"
::1 - - [Fri, 15 Sep 2017 02:42:51 GMT] "GET /u/stylesheets/bootstrap-responsive.css HTTP/1.1" 404 3797 "http://localhost:3000/u/%E5%91%A8%E6%9D%B0%E4%BC%A6" "Mozilla/5.0 (Windows NT 6.1; WOW64; rv:55.0) Gecko/20100101 Firefox/55.0"
::1 - - [Fri, 15 Sep 2017 02:42:51 GMT] "GET /javascripts/jquery.js HTTP/1.1" 304 - "http://localhost:3000/u/%E5%91%A8%E6%9D%B0%E4%BC%A6" "Mozilla/5.0 (Windows NT 6.1; WOW64; rv:55.0) Gecko/20100101 Firefox/55.0"
::1 - - [Fri, 15 Sep 2017 02:42:51 GMT] "GET /javascripts/bootstrap.js HTTP/1.1" 304 - "http://localhost:3000/u/%E5%91%A8%E6%9D%B0%E4%BC%A6" "Mozilla/5.0 (Windows NT 6.1; WOW64; rv:55.0) Gecko/20100101 Firefox/55.0"
::1 - - [Fri, 15 Sep 2017 02:42:51 GMT] "GET /img/glyphicons-halflings-white.png HTTP/1.1" 304 - "http://localhost:3000/stylesheets/bootstrap.css" "Mozilla/5.0 (Windows NT 6.1; WOW64; rv:55.0) Gecko/20100101 Firefox/55.0"
::1 - - [Fri, 15 Sep 2017 02:42:57 GMT] "GET / HTTP/1.1" 200 3758 "http://localhost:3000/u/%E5%91%A8%E6%9D%B0%E4%BC%A6" "Mozilla/5.0 (Windows NT 6.1; WOW64; rv:55.0) Gecko/20100101 Firefox/55.0"
::1 - - [Fri, 15 Sep 2017 02:42:57 GMT] "GET /stylesheets/bootstrap.css HTTP/1.1" 304 - "http://localhost:3000/" "Mozilla/5.0 (Windows NT 6.1; WOW64; rv:55.0) Gecko/20100101 Firefox/55.0"
::1 - - [Fri, 15 Sep 2017 02:42:57 GMT] "GET /stylesheets/bootstrap-responsive.css HTTP/1.1" 304 - "http://localhost:3000/" "Mozilla/5.0 (Windows NT 6.1; WOW64; rv:55.0) Gecko/20100101 Firefox/55.0"
::1 - - [Fri, 15 Sep 2017 02:42:57 GMT] "GET /javascripts/jquery.js HTTP/1.1" 304 - "http://localhost:3000/" "Mozilla/5.0 (Windows NT 6.1; WOW64; rv:55.0) Gecko/20100101 Firefox/55.0"
::1 - - [Fri, 15 Sep 2017 02:42:57 GMT] "GET /javascripts/bootstrap.js HTTP/1.1" 304 - "http://localhost:3000/" "Mozilla/5.0 (Windows NT 6.1; WOW64; rv:55.0) Gecko/20100101 Firefox/55.0"
::1 - - [Fri, 15 Sep 2017 02:42:57 GMT] "GET /img/glyphicons-halflings-white.png HTTP/1.1" 304 - "http://localhost:3000/stylesheets/bootstrap.css" "Mozilla/5.0 (Windows NT 6.1; WOW64; rv:55.0) Gecko/20100101 Firefox/55.0"
::1 - - [Fri, 15 Sep 2017 03:13:21 GMT] "GET / HTTP/1.1" 304 - "http://localhost:3000/u/%E5%91%A8%E6%9D%B0%E4%BC%A6" "Mozilla/5.0 (Windows NT 6.1; WOW64; rv:55.0) Gecko/20100101 Firefox/55.0"
::1 - - [Fri, 15 Sep 2017 03:13:21 GMT] "GET /stylesheets/bootstrap.css HTTP/1.1" 304 - "http://localhost:3000/" "Mozilla/5.0 (Windows NT 6.1; WOW64; rv:55.0) Gecko/20100101 Firefox/55.0"
::1 - - [Fri, 15 Sep 2017 03:13:21 GMT] "GET /stylesheets/bootstrap-responsive.css HTTP/1.1" 304 - "http://localhost:3000/" "Mozilla/5.0 (Windows NT 6.1; WOW64; rv:55.0) Gecko/20100101 Firefox/55.0"
::1 - - [Fri, 15 Sep 2017 03:13:21 GMT] "GET /javascripts/jquery.js HTTP/1.1" 304 - "http://localhost:3000/" "Mozilla/5.0 (Windows NT 6.1; WOW64; rv:55.0) Gecko/20100101 Firefox/55.0"
::1 - - [Fri, 15 Sep 2017 03:13:21 GMT] "GET /javascripts/bootstrap.js HTTP/1.1" 304 - "http://localhost:3000/" "Mozilla/5.0 (Windows NT 6.1; WOW64; rv:55.0) Gecko/20100101 Firefox/55.0"
::1 - - [Fri, 15 Sep 2017 03:13:21 GMT] "GET /img/glyphicons-halflings-white.png HTTP/1.1" 304 - "http://localhost:3000/stylesheets/bootstrap.css" "Mozilla/5.0 (Windows NT 6.1; WOW64; rv:55.0) Gecko/20100101 Firefox/55.0"
::1 - - [Fri, 15 Sep 2017 03:14:50 GMT] "GET / HTTP/1.1" 304 - "http://localhost:3000/u/%E5%91%A8%E6%9D%B0%E4%BC%A6" "Mozilla/5.0 (Windows NT 6.1; WOW64; rv:55.0) Gecko/20100101 Firefox/55.0"
::1 - - [Fri, 15 Sep 2017 03:14:50 GMT] "GET /stylesheets/bootstrap.css HTTP/1.1" 304 - "http://localhost:3000/" "Mozilla/5.0 (Windows NT 6.1; WOW64; rv:55.0) Gecko/20100101 Firefox/55.0"
::1 - - [Fri, 15 Sep 2017 03:14:50 GMT] "GET /stylesheets/bootstrap-responsive.css HTTP/1.1" 304 - "http://localhost:3000/" "Mozilla/5.0 (Windows NT 6.1; WOW64; rv:55.0) Gecko/20100101 Firefox/55.0"
::1 - - [Fri, 15 Sep 2017 03:14:50 GMT] "GET /javascripts/jquery.js HTTP/1.1" 304 - "http://localhost:3000/" "Mozilla/5.0 (Windows NT 6.1; WOW64; rv:55.0) Gecko/20100101 Firefox/55.0"
::1 - - [Fri, 15 Sep 2017 03:14:50 GMT] "GET /javascripts/bootstrap.js HTTP/1.1" 304 - "http://localhost:3000/" "Mozilla/5.0 (Windows NT 6.1; WOW64; rv:55.0) Gecko/20100101 Firefox/55.0"
::1 - - [Fri, 15 Sep 2017 03:14:50 GMT] "GET /img/glyphicons-halflings-white.png HTTP/1.1" 304 - "http://localhost:3000/stylesheets/bootstrap.css" "Mozilla/5.0 (Windows NT 6.1; WOW64; rv:55.0) Gecko/20100101 Firefox/55.0"
::1 - - [Fri, 15 Sep 2017 06:14:24 GMT] "GET /u/%E5%91%A8%E5%86%AC%E9%9B%A8 HTTP/1.1" 200 2139 "http://localhost:3000/" "Mozilla/5.0 (Windows NT 6.1; WOW64; rv:55.0) Gecko/20100101 Firefox/55.0"
::1 - - [Fri, 15 Sep 2017 06:14:24 GMT] "GET /stylesheets/bootstrap.css HTTP/1.1" 304 - "http://localhost:3000/u/%E5%91%A8%E5%86%AC%E9%9B%A8" "Mozilla/5.0 (Windows NT 6.1; WOW64; rv:55.0) Gecko/20100101 Firefox/55.0"
::1 - - [Fri, 15 Sep 2017 06:14:24 GMT] "GET /javascripts/jquery.js HTTP/1.1" 304 - "http://localhost:3000/u/%E5%91%A8%E5%86%AC%E9%9B%A8" "Mozilla/5.0 (Windows NT 6.1; WOW64; rv:55.0) Gecko/20100101 Firefox/55.0"
::1 - - [Fri, 15 Sep 2017 06:14:24 GMT] "GET /javascripts/bootstrap.js HTTP/1.1" 304 - "http://localhost:3000/u/%E5%91%A8%E5%86%AC%E9%9B%A8" "Mozilla/5.0 (Windows NT 6.1; WOW64; rv:55.0) Gecko/20100101 Firefox/55.0"
::1 - - [Fri, 15 Sep 2017 06:14:24 GMT] "GET /u/stylesheets/bootstrap-responsive.css HTTP/1.1" 404 3797 "http://localhost:3000/u/%E5%91%A8%E5%86%AC%E9%9B%A8" "Mozilla/5.0 (Windows NT 6.1; WOW64; rv:55.0) Gecko/20100101 Firefox/55.0"
::1 - - [Fri, 15 Sep 2017 06:14:24 GMT] "GET /img/glyphicons-halflings-white.png HTTP/1.1" 304 - "http://localhost:3000/stylesheets/bootstrap.css" "Mozilla/5.0 (Windows NT 6.1; WOW64; rv:55.0) Gecko/20100101 Firefox/55.0"
::1 - - [Mon, 18 Sep 2017 00:59:40 GMT] "GET /users HTTP/1.1" 404 3860 "-" "Mozilla/5.0 (Windows NT 6.1; WOW64; rv:55.0) Gecko/20100101 Firefox/55.0"
::1 - - [Mon, 18 Sep 2017 00:59:40 GMT] "GET /stylesheets/bootstrap.css HTTP/1.1" 304 - "http://localhost:3000/users" "Mozilla/5.0 (Windows NT 6.1; WOW64; rv:55.0) Gecko/20100101 Firefox/55.0"
::1 - - [Mon, 18 Sep 2017 00:59:40 GMT] "GET /stylesheets/bootstrap-responsive.css HTTP/1.1" 304 - "http://localhost:3000/users" "Mozilla/5.0 (Windows NT 6.1; WOW64; rv:55.0) Gecko/20100101 Firefox/55.0"
::1 - - [Mon, 18 Sep 2017 00:59:40 GMT] "GET /javascripts/jquery.js HTTP/1.1" 304 - "http://localhost:3000/users" "Mozilla/5.0 (Windows NT 6.1; WOW64; rv:55.0) Gecko/20100101 Firefox/55.0"
::1 - - [Mon, 18 Sep 2017 00:59:40 GMT] "GET /javascripts/bootstrap.js HTTP/1.1" 304 - "http://localhost:3000/users" "Mozilla/5.0 (Windows NT 6.1; WOW64; rv:55.0) Gecko/20100101 Firefox/55.0"
::1 - - [Mon, 18 Sep 2017 00:59:40 GMT] "GET /favicon.ico HTTP/1.1" 404 3860 "-" "Mozilla/5.0 (Windows NT 6.1; WOW64; rv:55.0) Gecko/20100101 Firefox/55.0"
::1 - - [Mon, 18 Sep 2017 00:59:48 GMT] "GET /login HTTP/1.1" 200 2413 "-" "Mozilla/5.0 (Windows NT 6.1; WOW64; rv:55.0) Gecko/20100101 Firefox/55.0"
::1 - - [Mon, 18 Sep 2017 00:59:48 GMT] "GET /stylesheets/bootstrap.css HTTP/1.1" 304 - "http://localhost:3000/login" "Mozilla/5.0 (Windows NT 6.1; WOW64; rv:55.0) Gecko/20100101 Firefox/55.0"
::1 - - [Mon, 18 Sep 2017 00:59:48 GMT] "GET /stylesheets/bootstrap-responsive.css HTTP/1.1" 304 - "http://localhost:3000/login" "Mozilla/5.0 (Windows NT 6.1; WOW64; rv:55.0) Gecko/20100101 Firefox/55.0"
::1 - - [Mon, 18 Sep 2017 00:59:48 GMT] "GET /javascripts/jquery.js HTTP/1.1" 304 - "http://localhost:3000/login" "Mozilla/5.0 (Windows NT 6.1; WOW64; rv:55.0) Gecko/20100101 Firefox/55.0"
::1 - - [Mon, 18 Sep 2017 00:59:48 GMT] "GET /javascripts/bootstrap.js HTTP/1.1" 304 - "http://localhost:3000/login" "Mozilla/5.0 (Windows NT 6.1; WOW64; rv:55.0) Gecko/20100101 Firefox/55.0"
::1 - - [Mon, 18 Sep 2017 00:59:52 GMT] "GET / HTTP/1.1" 200 3828 "http://localhost:3000/login" "Mozilla/5.0 (Windows NT 6.1; WOW64; rv:55.0) Gecko/20100101 Firefox/55.0"
::1 - - [Mon, 18 Sep 2017 00:59:52 GMT] "GET /stylesheets/bootstrap.css HTTP/1.1" 304 - "http://localhost:3000/" "Mozilla/5.0 (Windows NT 6.1; WOW64; rv:55.0) Gecko/20100101 Firefox/55.0"
::1 - - [Mon, 18 Sep 2017 00:59:52 GMT] "GET /stylesheets/bootstrap-responsive.css HTTP/1.1" 304 - "http://localhost:3000/" "Mozilla/5.0 (Windows NT 6.1; WOW64; rv:55.0) Gecko/20100101 Firefox/55.0"
::1 - - [Mon, 18 Sep 2017 00:59:52 GMT] "GET /javascripts/jquery.js HTTP/1.1" 304 - "http://localhost:3000/" "Mozilla/5.0 (Windows NT 6.1; WOW64; rv:55.0) Gecko/20100101 Firefox/55.0"
::1 - - [Mon, 18 Sep 2017 00:59:52 GMT] "GET /javascripts/bootstrap.js HTTP/1.1" 304 - "http://localhost:3000/" "Mozilla/5.0 (Windows NT 6.1; WOW64; rv:55.0) Gecko/20100101 Firefox/55.0"
::1 - - [Mon, 18 Sep 2017 00:59:53 GMT] "GET /login HTTP/1.1" 304 - "http://localhost:3000/" "Mozilla/5.0 (Windows NT 6.1; WOW64; rv:55.0) Gecko/20100101 Firefox/55.0"
::1 - - [Mon, 18 Sep 2017 00:59:53 GMT] "GET /stylesheets/bootstrap.css HTTP/1.1" 304 - "http://localhost:3000/login" "Mozilla/5.0 (Windows NT 6.1; WOW64; rv:55.0) Gecko/20100101 Firefox/55.0"
::1 - - [Mon, 18 Sep 2017 00:59:53 GMT] "GET /stylesheets/bootstrap-responsive.css HTTP/1.1" 304 - "http://localhost:3000/login" "Mozilla/5.0 (Windows NT 6.1; WOW64; rv:55.0) Gecko/20100101 Firefox/55.0"
::1 - - [Mon, 18 Sep 2017 00:59:53 GMT] "GET /javascripts/jquery.js HTTP/1.1" 304 - "http://localhost:3000/login" "Mozilla/5.0 (Windows NT 6.1; WOW64; rv:55.0) Gecko/20100101 Firefox/55.0"
::1 - - [Mon, 18 Sep 2017 00:59:53 GMT] "GET /javascripts/bootstrap.js HTTP/1.1" 304 - "http://localhost:3000/login" "Mozilla/5.0 (Windows NT 6.1; WOW64; rv:55.0) Gecko/20100101 Firefox/55.0"
::1 - - [Mon, 18 Sep 2017 01:00:06 GMT] "POST /login HTTP/1.1" 302 46 "http://localhost:3000/login" "Mozilla/5.0 (Windows NT 6.1; WOW64; rv:55.0) Gecko/20100101 Firefox/55.0"
::1 - - [Mon, 18 Sep 2017 01:00:06 GMT] "GET / HTTP/1.1" 200 3837 "http://localhost:3000/login" "Mozilla/5.0 (Windows NT 6.1; WOW64; rv:55.0) Gecko/20100101 Firefox/55.0"
::1 - - [Mon, 18 Sep 2017 01:00:06 GMT] "GET /stylesheets/bootstrap.css HTTP/1.1" 304 - "http://localhost:3000/" "Mozilla/5.0 (Windows NT 6.1; WOW64; rv:55.0) Gecko/20100101 Firefox/55.0"
::1 - - [Mon, 18 Sep 2017 01:00:06 GMT] "GET /stylesheets/bootstrap-responsive.css HTTP/1.1" 304 - "http://localhost:3000/" "Mozilla/5.0 (Windows NT 6.1; WOW64; rv:55.0) Gecko/20100101 Firefox/55.0"
::1 - - [Mon, 18 Sep 2017 01:00:06 GMT] "GET /javascripts/jquery.js HTTP/1.1" 304 - "http://localhost:3000/" "Mozilla/5.0 (Windows NT 6.1; WOW64; rv:55.0) Gecko/20100101 Firefox/55.0"
::1 - - [Mon, 18 Sep 2017 01:00:06 GMT] "GET /javascripts/bootstrap.js HTTP/1.1" 304 - "http://localhost:3000/" "Mozilla/5.0 (Windows NT 6.1; WOW64; rv:55.0) Gecko/20100101 Firefox/55.0"
::1 - - [Mon, 18 Sep 2017 01:00:06 GMT] "GET /img/glyphicons-halflings-white.png HTTP/1.1" 304 - "http://localhost:3000/stylesheets/bootstrap.css" "Mozilla/5.0 (Windows NT 6.1; WOW64; rv:55.0) Gecko/20100101 Firefox/55.0"
::1 - - [Mon, 18 Sep 2017 01:00:09 GMT] "GET /u/%E5%91%A8%E6%9D%B0%E4%BC%A6 HTTP/1.1" 304 - "http://localhost:3000/" "Mozilla/5.0 (Windows NT 6.1; WOW64; rv:55.0) Gecko/20100101 Firefox/55.0"
::1 - - [Mon, 18 Sep 2017 01:00:09 GMT] "GET /stylesheets/bootstrap.css HTTP/1.1" 304 - "http://localhost:3000/u/%E5%91%A8%E6%9D%B0%E4%BC%A6" "Mozilla/5.0 (Windows NT 6.1; WOW64; rv:55.0) Gecko/20100101 Firefox/55.0"
::1 - - [Mon, 18 Sep 2017 01:00:09 GMT] "GET /javascripts/jquery.js HTTP/1.1" 304 - "http://localhost:3000/u/%E5%91%A8%E6%9D%B0%E4%BC%A6" "Mozilla/5.0 (Windows NT 6.1; WOW64; rv:55.0) Gecko/20100101 Firefox/55.0"
::1 - - [Mon, 18 Sep 2017 01:00:09 GMT] "GET /javascripts/bootstrap.js HTTP/1.1" 304 - "http://localhost:3000/u/%E5%91%A8%E6%9D%B0%E4%BC%A6" "Mozilla/5.0 (Windows NT 6.1; WOW64; rv:55.0) Gecko/20100101 Firefox/55.0"
::1 - - [Mon, 18 Sep 2017 01:00:09 GMT] "GET /u/stylesheets/bootstrap-responsive.css HTTP/1.1" 404 3797 "http://localhost:3000/u/%E5%91%A8%E6%9D%B0%E4%BC%A6" "Mozilla/5.0 (Windows NT 6.1; WOW64; rv:55.0) Gecko/20100101 Firefox/55.0"
::1 - - [Mon, 18 Sep 2017 01:00:10 GMT] "GET /img/glyphicons-halflings-white.png HTTP/1.1" 304 - "http://localhost:3000/stylesheets/bootstrap.css" "Mozilla/5.0 (Windows NT 6.1; WOW64; rv:55.0) Gecko/20100101 Firefox/55.0"
::1 - - [Mon, 18 Sep 2017 01:00:13 GMT] "GET /u/%E6%A5%A0%E5%AE%9D%E5%AE%9D HTTP/1.1" 200 2530 "http://localhost:3000/" "Mozilla/5.0 (Windows NT 6.1; WOW64; rv:55.0) Gecko/20100101 Firefox/55.0"
::1 - - [Mon, 18 Sep 2017 01:00:13 GMT] "GET /stylesheets/bootstrap.css HTTP/1.1" 304 - "http://localhost:3000/u/%E6%A5%A0%E5%AE%9D%E5%AE%9D" "Mozilla/5.0 (Windows NT 6.1; WOW64; rv:55.0) Gecko/20100101 Firefox/55.0"
::1 - - [Mon, 18 Sep 2017 01:00:13 GMT] "GET /u/stylesheets/bootstrap-responsive.css HTTP/1.1" 404 3797 "http://localhost:3000/u/%E6%A5%A0%E5%AE%9D%E5%AE%9D" "Mozilla/5.0 (Windows NT 6.1; WOW64; rv:55.0) Gecko/20100101 Firefox/55.0"
::1 - - [Mon, 18 Sep 2017 01:00:13 GMT] "GET /javascripts/jquery.js HTTP/1.1" 304 - "http://localhost:3000/u/%E6%A5%A0%E5%AE%9D%E5%AE%9D" "Mozilla/5.0 (Windows NT 6.1; WOW64; rv:55.0) Gecko/20100101 Firefox/55.0"
::1 - - [Mon, 18 Sep 2017 01:00:13 GMT] "GET /javascripts/bootstrap.js HTTP/1.1" 304 - "http://localhost:3000/u/%E6%A5%A0%E5%AE%9D%E5%AE%9D" "Mozilla/5.0 (Windows NT 6.1; WOW64; rv:55.0) Gecko/20100101 Firefox/55.0"
::1 - - [Mon, 18 Sep 2017 01:00:13 GMT] "GET /img/glyphicons-halflings-white.png HTTP/1.1" 304 - "http://localhost:3000/stylesheets/bootstrap.css" "Mozilla/5.0 (Windows NT 6.1; WOW64; rv:55.0) Gecko/20100101 Firefox/55.0"
::1 - - [Mon, 18 Sep 2017 01:00:19 GMT] "GET /u/%E6%A5%A0%E5%AE%9D%E5%AE%9D HTTP/1.1" 304 - "http://localhost:3000/" "Mozilla/5.0 (Windows NT 6.1; WOW64; rv:55.0) Gecko/20100101 Firefox/55.0"
::1 - - [Mon, 18 Sep 2017 01:00:19 GMT] "GET /stylesheets/bootstrap.css HTTP/1.1" 304 - "http://localhost:3000/u/%E6%A5%A0%E5%AE%9D%E5%AE%9D" "Mozilla/5.0 (Windows NT 6.1; WOW64; rv:55.0) Gecko/20100101 Firefox/55.0"
::1 - - [Mon, 18 Sep 2017 01:00:19 GMT] "GET /u/stylesheets/bootstrap-responsive.css HTTP/1.1" 404 3797 "http://localhost:3000/u/%E6%A5%A0%E5%AE%9D%E5%AE%9D" "Mozilla/5.0 (Windows NT 6.1; WOW64; rv:55.0) Gecko/20100101 Firefox/55.0"
::1 - - [Mon, 18 Sep 2017 01:00:19 GMT] "GET /javascripts/jquery.js HTTP/1.1" 304 - "http://localhost:3000/u/%E6%A5%A0%E5%AE%9D%E5%AE%9D" "Mozilla/5.0 (Windows NT 6.1; WOW64; rv:55.0) Gecko/20100101 Firefox/55.0"
::1 - - [Mon, 18 Sep 2017 01:00:19 GMT] "GET /javascripts/bootstrap.js HTTP/1.1" 304 - "http://localhost:3000/u/%E6%A5%A0%E5%AE%9D%E5%AE%9D" "Mozilla/5.0 (Windows NT 6.1; WOW64; rv:55.0) Gecko/20100101 Firefox/55.0"
::1 - - [Mon, 18 Sep 2017 01:00:19 GMT] "GET /img/glyphicons-halflings-white.png HTTP/1.1" 304 - "http://localhost:3000/stylesheets/bootstrap.css" "Mozilla/5.0 (Windows NT 6.1; WOW64; rv:55.0) Gecko/20100101 Firefox/55.0"
::1 - - [Mon, 18 Sep 2017 01:00:24 GMT] "GET /u/%E6%A5%A0%E5%AE%9D%E5%AE%9D HTTP/1.1" 304 - "http://localhost:3000/u/%E6%A5%A0%E5%AE%9D%E5%AE%9D" "Mozilla/5.0 (Windows NT 6.1; WOW64; rv:55.0) Gecko/20100101 Firefox/55.0"
::1 - - [Mon, 18 Sep 2017 01:00:24 GMT] "GET /stylesheets/bootstrap.css HTTP/1.1" 304 - "http://localhost:3000/u/%E6%A5%A0%E5%AE%9D%E5%AE%9D" "Mozilla/5.0 (Windows NT 6.1; WOW64; rv:55.0) Gecko/20100101 Firefox/55.0"
::1 - - [Mon, 18 Sep 2017 01:00:24 GMT] "GET /u/stylesheets/bootstrap-responsive.css HTTP/1.1" 404 3797 "http://localhost:3000/u/%E6%A5%A0%E5%AE%9D%E5%AE%9D" "Mozilla/5.0 (Windows NT 6.1; WOW64; rv:55.0) Gecko/20100101 Firefox/55.0"
::1 - - [Mon, 18 Sep 2017 01:00:24 GMT] "GET /javascripts/jquery.js HTTP/1.1" 304 - "http://localhost:3000/u/%E6%A5%A0%E5%AE%9D%E5%AE%9D" "Mozilla/5.0 (Windows NT 6.1; WOW64; rv:55.0) Gecko/20100101 Firefox/55.0"
::1 - - [Mon, 18 Sep 2017 01:00:24 GMT] "GET /javascripts/bootstrap.js HTTP/1.1" 304 - "http://localhost:3000/u/%E6%A5%A0%E5%AE%9D%E5%AE%9D" "Mozilla/5.0 (Windows NT 6.1; WOW64; rv:55.0) Gecko/20100101 Firefox/55.0"
::1 - - [Mon, 18 Sep 2017 01:00:24 GMT] "GET /img/glyphicons-halflings-white.png HTTP/1.1" 304 - "http://localhost:3000/stylesheets/bootstrap.css" "Mozilla/5.0 (Windows NT 6.1; WOW64; rv:55.0) Gecko/20100101 Firefox/55.0"
::1 - - [Mon, 18 Sep 2017 01:00:28 GMT] "GET / HTTP/1.1" 200 3758 "http://localhost:3000/" "Mozilla/5.0 (Windows NT 6.1; WOW64; rv:55.0) Gecko/20100101 Firefox/55.0"
::1 - - [Mon, 18 Sep 2017 01:00:29 GMT] "GET /stylesheets/bootstrap.css HTTP/1.1" 304 - "http://localhost:3000/" "Mozilla/5.0 (Windows NT 6.1; WOW64; rv:55.0) Gecko/20100101 Firefox/55.0"
::1 - - [Mon, 18 Sep 2017 01:00:29 GMT] "GET /stylesheets/bootstrap-responsive.css HTTP/1.1" 304 - "http://localhost:3000/" "Mozilla/5.0 (Windows NT 6.1; WOW64; rv:55.0) Gecko/20100101 Firefox/55.0"
::1 - - [Mon, 18 Sep 2017 01:00:29 GMT] "GET /javascripts/jquery.js HTTP/1.1" 304 - "http://localhost:3000/" "Mozilla/5.0 (Windows NT 6.1; WOW64; rv:55.0) Gecko/20100101 Firefox/55.0"
::1 - - [Mon, 18 Sep 2017 01:00:29 GMT] "GET /javascripts/bootstrap.js HTTP/1.1" 304 - "http://localhost:3000/" "Mozilla/5.0 (Windows NT 6.1; WOW64; rv:55.0) Gecko/20100101 Firefox/55.0"
::1 - - [Mon, 18 Sep 2017 01:00:29 GMT] "GET /img/glyphicons-halflings-white.png HTTP/1.1" 304 - "http://localhost:3000/stylesheets/bootstrap.css" "Mozilla/5.0 (Windows NT 6.1; WOW64; rv:55.0) Gecko/20100101 Firefox/55.0"
::1 - - [Mon, 18 Sep 2017 01:00:36 GMT] "GET /logout HTTP/1.1" 302 46 "http://localhost:3000/" "Mozilla/5.0 (Windows NT 6.1; WOW64; rv:55.0) Gecko/20100101 Firefox/55.0"
::1 - - [Mon, 18 Sep 2017 01:00:36 GMT] "GET / HTTP/1.1" 200 3907 "http://localhost:3000/" "Mozilla/5.0 (Windows NT 6.1; WOW64; rv:55.0) Gecko/20100101 Firefox/55.0"
::1 - - [Mon, 18 Sep 2017 01:00:36 GMT] "GET /stylesheets/bootstrap.css HTTP/1.1" 304 - "http://localhost:3000/" "Mozilla/5.0 (Windows NT 6.1; WOW64; rv:55.0) Gecko/20100101 Firefox/55.0"
::1 - - [Mon, 18 Sep 2017 01:00:36 GMT] "GET /stylesheets/bootstrap-responsive.css HTTP/1.1" 304 - "http://localhost:3000/" "Mozilla/5.0 (Windows NT 6.1; WOW64; rv:55.0) Gecko/20100101 Firefox/55.0"
::1 - - [Mon, 18 Sep 2017 01:00:36 GMT] "GET /javascripts/jquery.js HTTP/1.1" 304 - "http://localhost:3000/" "Mozilla/5.0 (Windows NT 6.1; WOW64; rv:55.0) Gecko/20100101 Firefox/55.0"
::1 - - [Mon, 18 Sep 2017 01:00:36 GMT] "GET /javascripts/bootstrap.js HTTP/1.1" 304 - "http://localhost:3000/" "Mozilla/5.0 (Windows NT 6.1; WOW64; rv:55.0) Gecko/20100101 Firefox/55.0"
::1 - - [Mon, 18 Sep 2017 01:00:39 GMT] "GET /reg HTTP/1.1" 200 2833 "http://localhost:3000/" "Mozilla/5.0 (Windows NT 6.1; WOW64; rv:55.0) Gecko/20100101 Firefox/55.0"
::1 - - [Mon, 18 Sep 2017 01:00:39 GMT] "GET /stylesheets/bootstrap.css HTTP/1.1" 304 - "http://localhost:3000/reg" "Mozilla/5.0 (Windows NT 6.1; WOW64; rv:55.0) Gecko/20100101 Firefox/55.0"
::1 - - [Mon, 18 Sep 2017 01:00:39 GMT] "GET /stylesheets/bootstrap-responsive.css HTTP/1.1" 304 - "http://localhost:3000/reg" "Mozilla/5.0 (Windows NT 6.1; WOW64; rv:55.0) Gecko/20100101 Firefox/55.0"
::1 - - [Mon, 18 Sep 2017 01:00:39 GMT] "GET /javascripts/jquery.js HTTP/1.1" 304 - "http://localhost:3000/reg" "Mozilla/5.0 (Windows NT 6.1; WOW64; rv:55.0) Gecko/20100101 Firefox/55.0"
::1 - - [Mon, 18 Sep 2017 01:00:39 GMT] "GET /javascripts/bootstrap.js HTTP/1.1" 304 - "http://localhost:3000/reg" "Mozilla/5.0 (Windows NT 6.1; WOW64; rv:55.0) Gecko/20100101 Firefox/55.0"
::1 - - [Mon, 18 Sep 2017 01:01:04 GMT] "POST /reg HTTP/1.1" 302 52 "http://localhost:3000/reg" "Mozilla/5.0 (Windows NT 6.1; WOW64; rv:55.0) Gecko/20100101 Firefox/55.0"
::1 - - [Mon, 18 Sep 2017 01:01:04 GMT] "GET /reg HTTP/1.1" 200 2928 "http://localhost:3000/reg" "Mozilla/5.0 (Windows NT 6.1; WOW64; rv:55.0) Gecko/20100101 Firefox/55.0"
::1 - - [Mon, 18 Sep 2017 01:01:04 GMT] "GET /stylesheets/bootstrap.css HTTP/1.1" 304 - "http://localhost:3000/reg" "Mozilla/5.0 (Windows NT 6.1; WOW64; rv:55.0) Gecko/20100101 Firefox/55.0"
::1 - - [Mon, 18 Sep 2017 01:01:04 GMT] "GET /stylesheets/bootstrap-responsive.css HTTP/1.1" 304 - "http://localhost:3000/reg" "Mozilla/5.0 (Windows NT 6.1; WOW64; rv:55.0) Gecko/20100101 Firefox/55.0"
::1 - - [Mon, 18 Sep 2017 01:01:04 GMT] "GET /javascripts/jquery.js HTTP/1.1" 304 - "http://localhost:3000/reg" "Mozilla/5.0 (Windows NT 6.1; WOW64; rv:55.0) Gecko/20100101 Firefox/55.0"
::1 - - [Mon, 18 Sep 2017 01:01:04 GMT] "GET /javascripts/bootstrap.js HTTP/1.1" 304 - "http://localhost:3000/reg" "Mozilla/5.0 (Windows NT 6.1; WOW64; rv:55.0) Gecko/20100101 Firefox/55.0"
::1 - - [Mon, 18 Sep 2017 01:01:24 GMT] "POST /reg HTTP/1.1" 302 52 "http://localhost:3000/reg" "Mozilla/5.0 (Windows NT 6.1; WOW64; rv:55.0) Gecko/20100101 Firefox/55.0"
::1 - - [Mon, 18 Sep 2017 01:01:24 GMT] "GET /reg HTTP/1.1" 200 2928 "http://localhost:3000/reg" "Mozilla/5.0 (Windows NT 6.1; WOW64; rv:55.0) Gecko/20100101 Firefox/55.0"
::1 - - [Mon, 18 Sep 2017 01:01:24 GMT] "GET /stylesheets/bootstrap.css HTTP/1.1" 304 - "http://localhost:3000/reg" "Mozilla/5.0 (Windows NT 6.1; WOW64; rv:55.0) Gecko/20100101 Firefox/55.0"
::1 - - [Mon, 18 Sep 2017 01:01:24 GMT] "GET /stylesheets/bootstrap-responsive.css HTTP/1.1" 304 - "http://localhost:3000/reg" "Mozilla/5.0 (Windows NT 6.1; WOW64; rv:55.0) Gecko/20100101 Firefox/55.0"
::1 - - [Mon, 18 Sep 2017 01:01:24 GMT] "GET /javascripts/jquery.js HTTP/1.1" 304 - "http://localhost:3000/reg" "Mozilla/5.0 (Windows NT 6.1; WOW64; rv:55.0) Gecko/20100101 Firefox/55.0"
::1 - - [Mon, 18 Sep 2017 01:01:24 GMT] "GET /javascripts/bootstrap.js HTTP/1.1" 304 - "http://localhost:3000/reg" "Mozilla/5.0 (Windows NT 6.1; WOW64; rv:55.0) Gecko/20100101 Firefox/55.0"
::1 - - [Mon, 18 Sep 2017 01:01:41 GMT] "POST /reg HTTP/1.1" 302 46 "http://localhost:3000/reg" "Mozilla/5.0 (Windows NT 6.1; WOW64; rv:55.0) Gecko/20100101 Firefox/55.0"
::1 - - [Mon, 18 Sep 2017 01:01:41 GMT] "GET / HTTP/1.1" 200 3837 "http://localhost:3000/reg" "Mozilla/5.0 (Windows NT 6.1; WOW64; rv:55.0) Gecko/20100101 Firefox/55.0"
::1 - - [Mon, 18 Sep 2017 01:01:41 GMT] "GET /stylesheets/bootstrap.css HTTP/1.1" 304 - "http://localhost:3000/" "Mozilla/5.0 (Windows NT 6.1; WOW64; rv:55.0) Gecko/20100101 Firefox/55.0"
::1 - - [Mon, 18 Sep 2017 01:01:41 GMT] "GET /stylesheets/bootstrap-responsive.css HTTP/1.1" 304 - "http://localhost:3000/" "Mozilla/5.0 (Windows NT 6.1; WOW64; rv:55.0) Gecko/20100101 Firefox/55.0"
::1 - - [Mon, 18 Sep 2017 01:01:41 GMT] "GET /javascripts/jquery.js HTTP/1.1" 304 - "http://localhost:3000/" "Mozilla/5.0 (Windows NT 6.1; WOW64; rv:55.0) Gecko/20100101 Firefox/55.0"
::1 - - [Mon, 18 Sep 2017 01:01:41 GMT] "GET /javascripts/bootstrap.js HTTP/1.1" 304 - "http://localhost:3000/" "Mozilla/5.0 (Windows NT 6.1; WOW64; rv:55.0) Gecko/20100101 Firefox/55.0"
::1 - - [Mon, 18 Sep 2017 01:01:41 GMT] "GET /img/glyphicons-halflings-white.png HTTP/1.1" 304 - "http://localhost:3000/stylesheets/bootstrap.css" "Mozilla/5.0 (Windows NT 6.1; WOW64; rv:55.0) Gecko/20100101 Firefox/55.0"
::1 - - [Mon, 18 Sep 2017 01:02:17 GMT] "POST /post HTTP/1.1" 302 140 "http://localhost:3000/" "Mozilla/5.0 (Windows NT 6.1; WOW64; rv:55.0) Gecko/20100101 Firefox/55.0"
::1 - - [Mon, 18 Sep 2017 01:02:18 GMT] "GET /u/%E6%87%B5%E6%87%82%E5%B0%8F%E4%B9%A6%E7%AB%A5 HTTP/1.1" 200 2136 "http://localhost:3000/" "Mozilla/5.0 (Windows NT 6.1; WOW64; rv:55.0) Gecko/20100101 Firefox/55.0"
::1 - - [Mon, 18 Sep 2017 01:02:18 GMT] "GET /stylesheets/bootstrap.css HTTP/1.1" 304 - "http://localhost:3000/u/%E6%87%B5%E6%87%82%E5%B0%8F%E4%B9%A6%E7%AB%A5" "Mozilla/5.0 (Windows NT 6.1; WOW64; rv:55.0) Gecko/20100101 Firefox/55.0"
::1 - - [Mon, 18 Sep 2017 01:02:18 GMT] "GET /u/stylesheets/bootstrap-responsive.css HTTP/1.1" 404 3797 "http://localhost:3000/u/%E6%87%B5%E6%87%82%E5%B0%8F%E4%B9%A6%E7%AB%A5" "Mozilla/5.0 (Windows NT 6.1; WOW64; rv:55.0) Gecko/20100101 Firefox/55.0"
::1 - - [Mon, 18 Sep 2017 01:02:18 GMT] "GET /javascripts/jquery.js HTTP/1.1" 304 - "http://localhost:3000/u/%E6%87%B5%E6%87%82%E5%B0%8F%E4%B9%A6%E7%AB%A5" "Mozilla/5.0 (Windows NT 6.1; WOW64; rv:55.0) Gecko/20100101 Firefox/55.0"
::1 - - [Mon, 18 Sep 2017 01:02:18 GMT] "GET /javascripts/bootstrap.js HTTP/1.1" 304 - "http://localhost:3000/u/%E6%87%B5%E6%87%82%E5%B0%8F%E4%B9%A6%E7%AB%A5" "Mozilla/5.0 (Windows NT 6.1; WOW64; rv:55.0) Gecko/20100101 Firefox/55.0"
::1 - - [Mon, 18 Sep 2017 01:02:18 GMT] "GET /img/glyphicons-halflings-white.png HTTP/1.1" 304 - "http://localhost:3000/stylesheets/bootstrap.css" "Mozilla/5.0 (Windows NT 6.1; WOW64; rv:55.0) Gecko/20100101 Firefox/55.0"
::1 - - [Mon, 18 Sep 2017 01:02:20 GMT] "GET / HTTP/1.1" 200 4016 "http://localhost:3000/u/%E6%87%B5%E6%87%82%E5%B0%8F%E4%B9%A6%E7%AB%A5" "Mozilla/5.0 (Windows NT 6.1; WOW64; rv:55.0) Gecko/20100101 Firefox/55.0"
::1 - - [Mon, 18 Sep 2017 01:02:20 GMT] "GET /stylesheets/bootstrap.css HTTP/1.1" 304 - "http://localhost:3000/" "Mozilla/5.0 (Windows NT 6.1; WOW64; rv:55.0) Gecko/20100101 Firefox/55.0"
::1 - - [Mon, 18 Sep 2017 01:02:20 GMT] "GET /stylesheets/bootstrap-responsive.css HTTP/1.1" 304 - "http://localhost:3000/" "Mozilla/5.0 (Windows NT 6.1; WOW64; rv:55.0) Gecko/20100101 Firefox/55.0"
::1 - - [Mon, 18 Sep 2017 01:02:20 GMT] "GET /javascripts/jquery.js HTTP/1.1" 304 - "http://localhost:3000/" "Mozilla/5.0 (Windows NT 6.1; WOW64; rv:55.0) Gecko/20100101 Firefox/55.0"
::1 - - [Mon, 18 Sep 2017 01:02:20 GMT] "GET /javascripts/bootstrap.js HTTP/1.1" 304 - "http://localhost:3000/" "Mozilla/5.0 (Windows NT 6.1; WOW64; rv:55.0) Gecko/20100101 Firefox/55.0"
::1 - - [Mon, 18 Sep 2017 01:02:20 GMT] "GET /img/glyphicons-halflings-white.png HTTP/1.1" 304 - "http://localhost:3000/stylesheets/bootstrap.css" "Mozilla/5.0 (Windows NT 6.1; WOW64; rv:55.0) Gecko/20100101 Firefox/55.0"
::1 - - [Mon, 18 Sep 2017 01:02:22 GMT] "GET /u/%E6%87%B5%E6%87%82%E5%B0%8F%E4%B9%A6%E7%AB%A5 HTTP/1.1" 304 - "http://localhost:3000/" "Mozilla/5.0 (Windows NT 6.1; WOW64; rv:55.0) Gecko/20100101 Firefox/55.0"
::1 - - [Mon, 18 Sep 2017 01:02:22 GMT] "GET /stylesheets/bootstrap.css HTTP/1.1" 304 - "http://localhost:3000/u/%E6%87%B5%E6%87%82%E5%B0%8F%E4%B9%A6%E7%AB%A5" "Mozilla/5.0 (Windows NT 6.1; WOW64; rv:55.0) Gecko/20100101 Firefox/55.0"
::1 - - [Mon, 18 Sep 2017 01:02:22 GMT] "GET /u/stylesheets/bootstrap-responsive.css HTTP/1.1" 404 3797 "http://localhost:3000/u/%E6%87%B5%E6%87%82%E5%B0%8F%E4%B9%A6%E7%AB%A5" "Mozilla/5.0 (Windows NT 6.1; WOW64; rv:55.0) Gecko/20100101 Firefox/55.0"
::1 - - [Mon, 18 Sep 2017 01:02:22 GMT] "GET /javascripts/jquery.js HTTP/1.1" 304 - "http://localhost:3000/u/%E6%87%B5%E6%87%82%E5%B0%8F%E4%B9%A6%E7%AB%A5" "Mozilla/5.0 (Windows NT 6.1; WOW64; rv:55.0) Gecko/20100101 Firefox/55.0"
::1 - - [Mon, 18 Sep 2017 01:02:22 GMT] "GET /javascripts/bootstrap.js HTTP/1.1" 304 - "http://localhost:3000/u/%E6%87%B5%E6%87%82%E5%B0%8F%E4%B9%A6%E7%AB%A5" "Mozilla/5.0 (Windows NT 6.1; WOW64; rv:55.0) Gecko/20100101 Firefox/55.0"
::1 - - [Mon, 18 Sep 2017 01:02:22 GMT] "GET /img/glyphicons-halflings-white.png HTTP/1.1" 304 - "http://localhost:3000/stylesheets/bootstrap.css" "Mozilla/5.0 (Windows NT 6.1; WOW64; rv:55.0) Gecko/20100101 Firefox/55.0"
::1 - - [Mon, 18 Sep 2017 01:02:23 GMT] "GET /u/%E6%87%B5%E6%87%82%E5%B0%8F%E4%B9%A6%E7%AB%A5 HTTP/1.1" 304 - "http://localhost:3000/u/%E6%87%B5%E6%87%82%E5%B0%8F%E4%B9%A6%E7%AB%A5" "Mozilla/5.0 (Windows NT 6.1; WOW64; rv:55.0) Gecko/20100101 Firefox/55.0"
::1 - - [Mon, 18 Sep 2017 01:02:23 GMT] "GET /stylesheets/bootstrap.css HTTP/1.1" 304 - "http://localhost:3000/u/%E6%87%B5%E6%87%82%E5%B0%8F%E4%B9%A6%E7%AB%A5" "Mozilla/5.0 (Windows NT 6.1; WOW64; rv:55.0) Gecko/20100101 Firefox/55.0"
::1 - - [Mon, 18 Sep 2017 01:02:23 GMT] "GET /u/stylesheets/bootstrap-responsive.css HTTP/1.1" 404 3797 "http://localhost:3000/u/%E6%87%B5%E6%87%82%E5%B0%8F%E4%B9%A6%E7%AB%A5" "Mozilla/5.0 (Windows NT 6.1; WOW64; rv:55.0) Gecko/20100101 Firefox/55.0"
::1 - - [Mon, 18 Sep 2017 01:02:23 GMT] "GET /javascripts/jquery.js HTTP/1.1" 304 - "http://localhost:3000/u/%E6%87%B5%E6%87%82%E5%B0%8F%E4%B9%A6%E7%AB%A5" "Mozilla/5.0 (Windows NT 6.1; WOW64; rv:55.0) Gecko/20100101 Firefox/55.0"
::1 - - [Mon, 18 Sep 2017 01:02:23 GMT] "GET /javascripts/bootstrap.js HTTP/1.1" 304 - "http://localhost:3000/u/%E6%87%B5%E6%87%82%E5%B0%8F%E4%B9%A6%E7%AB%A5" "Mozilla/5.0 (Windows NT 6.1; WOW64; rv:55.0) Gecko/20100101 Firefox/55.0"
::1 - - [Mon, 18 Sep 2017 01:02:23 GMT] "GET /img/glyphicons-halflings-white.png HTTP/1.1" 304 - "http://localhost:3000/stylesheets/bootstrap.css" "Mozilla/5.0 (Windows NT 6.1; WOW64; rv:55.0) Gecko/20100101 Firefox/55.0"
::1 - - [Mon, 18 Sep 2017 01:02:32 GMT] "GET / HTTP/1.1" 304 - "http://localhost:3000/u/%E6%87%B5%E6%87%82%E5%B0%8F%E4%B9%A6%E7%AB%A5" "Mozilla/5.0 (Windows NT 6.1; WOW64; rv:55.0) Gecko/20100101 Firefox/55.0"
::1 - - [Mon, 18 Sep 2017 01:02:32 GMT] "GET /stylesheets/bootstrap.css HTTP/1.1" 304 - "http://localhost:3000/" "Mozilla/5.0 (Windows NT 6.1; WOW64; rv:55.0) Gecko/20100101 Firefox/55.0"
::1 - - [Mon, 18 Sep 2017 01:02:32 GMT] "GET /stylesheets/bootstrap-responsive.css HTTP/1.1" 304 - "http://localhost:3000/" "Mozilla/5.0 (Windows NT 6.1; WOW64; rv:55.0) Gecko/20100101 Firefox/55.0"
::1 - - [Mon, 18 Sep 2017 01:02:32 GMT] "GET /javascripts/jquery.js HTTP/1.1" 304 - "http://localhost:3000/" "Mozilla/5.0 (Windows NT 6.1; WOW64; rv:55.0) Gecko/20100101 Firefox/55.0"
::1 - - [Mon, 18 Sep 2017 01:02:32 GMT] "GET /javascripts/bootstrap.js HTTP/1.1" 304 - "http://localhost:3000/" "Mozilla/5.0 (Windows NT 6.1; WOW64; rv:55.0) Gecko/20100101 Firefox/55.0"
::1 - - [Mon, 18 Sep 2017 01:02:32 GMT] "GET /img/glyphicons-halflings-white.png HTTP/1.1" 304 - "http://localhost:3000/stylesheets/bootstrap.css" "Mozilla/5.0 (Windows NT 6.1; WOW64; rv:55.0) Gecko/20100101 Firefox/55.0"
::1 - - [Mon, 18 Sep 2017 01:02:35 GMT] "GET /logout HTTP/1.1" 302 46 "http://localhost:3000/" "Mozilla/5.0 (Windows NT 6.1; WOW64; rv:55.0) Gecko/20100101 Firefox/55.0"
::1 - - [Mon, 18 Sep 2017 01:02:35 GMT] "GET / HTTP/1.1" 200 4165 "http://localhost:3000/" "Mozilla/5.0 (Windows NT 6.1; WOW64; rv:55.0) Gecko/20100101 Firefox/55.0"
::1 - - [Mon, 18 Sep 2017 01:02:35 GMT] "GET /stylesheets/bootstrap.css HTTP/1.1" 304 - "http://localhost:3000/" "Mozilla/5.0 (Windows NT 6.1; WOW64; rv:55.0) Gecko/20100101 Firefox/55.0"
::1 - - [Mon, 18 Sep 2017 01:02:35 GMT] "GET /stylesheets/bootstrap-responsive.css HTTP/1.1" 304 - "http://localhost:3000/" "Mozilla/5.0 (Windows NT 6.1; WOW64; rv:55.0) Gecko/20100101 Firefox/55.0"
::1 - - [Mon, 18 Sep 2017 01:02:35 GMT] "GET /javascripts/jquery.js HTTP/1.1" 304 - "http://localhost:3000/" "Mozilla/5.0 (Windows NT 6.1; WOW64; rv:55.0) Gecko/20100101 Firefox/55.0"
::1 - - [Mon, 18 Sep 2017 01:02:35 GMT] "GET /javascripts/bootstrap.js HTTP/1.1" 304 - "http://localhost:3000/" "Mozilla/5.0 (Windows NT 6.1; WOW64; rv:55.0) Gecko/20100101 Firefox/55.0"
::1 - - [Mon, 18 Sep 2017 01:10:49 GMT] "GET / HTTP/1.1" 200 4086 "http://localhost:3000/" "Mozilla/5.0 (Windows NT 6.1; WOW64; rv:55.0) Gecko/20100101 Firefox/55.0"
::1 - - [Mon, 18 Sep 2017 01:10:49 GMT] "GET /stylesheets/bootstrap.css HTTP/1.1" 304 - "http://localhost:3000/" "Mozilla/5.0 (Windows NT 6.1; WOW64; rv:55.0) Gecko/20100101 Firefox/55.0"
::1 - - [Mon, 18 Sep 2017 01:10:49 GMT] "GET /stylesheets/bootstrap-responsive.css HTTP/1.1" 304 - "http://localhost:3000/" "Mozilla/5.0 (Windows NT 6.1; WOW64; rv:55.0) Gecko/20100101 Firefox/55.0"
::1 - - [Mon, 18 Sep 2017 01:10:49 GMT] "GET /javascripts/jquery.js HTTP/1.1" 304 - "http://localhost:3000/" "Mozilla/5.0 (Windows NT 6.1; WOW64; rv:55.0) Gecko/20100101 Firefox/55.0"
::1 - - [Mon, 18 Sep 2017 01:10:49 GMT] "GET /javascripts/bootstrap.js HTTP/1.1" 304 - "http://localhost:3000/" "Mozilla/5.0 (Windows NT 6.1; WOW64; rv:55.0) Gecko/20100101 Firefox/55.0"
::1 - - [Mon, 18 Sep 2017 01:10:50 GMT] "GET /login HTTP/1.1" 200 2413 "http://localhost:3000/" "Mozilla/5.0 (Windows NT 6.1; WOW64; rv:55.0) Gecko/20100101 Firefox/55.0"
::1 - - [Mon, 18 Sep 2017 01:10:50 GMT] "GET /stylesheets/bootstrap-responsive.css HTTP/1.1" 304 - "http://localhost:3000/login" "Mozilla/5.0 (Windows NT 6.1; WOW64; rv:55.0) Gecko/20100101 Firefox/55.0"
::1 - - [Mon, 18 Sep 2017 01:10:50 GMT] "GET /stylesheets/bootstrap.css HTTP/1.1" 304 - "http://localhost:3000/login" "Mozilla/5.0 (Windows NT 6.1; WOW64; rv:55.0) Gecko/20100101 Firefox/55.0"
::1 - - [Mon, 18 Sep 2017 01:10:50 GMT] "GET /javascripts/jquery.js HTTP/1.1" 304 - "http://localhost:3000/login" "Mozilla/5.0 (Windows NT 6.1; WOW64; rv:55.0) Gecko/20100101 Firefox/55.0"
::1 - - [Mon, 18 Sep 2017 01:10:50 GMT] "GET /javascripts/bootstrap.js HTTP/1.1" 304 - "http://localhost:3000/login" "Mozilla/5.0 (Windows NT 6.1; WOW64; rv:55.0) Gecko/20100101 Firefox/55.0"
::1 - - [Mon, 18 Sep 2017 01:11:14 GMT] "POST /login HTTP/1.1" 302 46 "http://localhost:3000/login" "Mozilla/5.0 (Windows NT 6.1; WOW64; rv:55.0) Gecko/20100101 Firefox/55.0"
::1 - - [Mon, 18 Sep 2017 01:11:14 GMT] "GET / HTTP/1.1" 200 4095 "http://localhost:3000/login" "Mozilla/5.0 (Windows NT 6.1; WOW64; rv:55.0) Gecko/20100101 Firefox/55.0"
::1 - - [Mon, 18 Sep 2017 01:11:14 GMT] "GET /stylesheets/bootstrap.css HTTP/1.1" 304 - "http://localhost:3000/" "Mozilla/5.0 (Windows NT 6.1; WOW64; rv:55.0) Gecko/20100101 Firefox/55.0"
::1 - - [Mon, 18 Sep 2017 01:11:14 GMT] "GET /stylesheets/bootstrap-responsive.css HTTP/1.1" 304 - "http://localhost:3000/" "Mozilla/5.0 (Windows NT 6.1; WOW64; rv:55.0) Gecko/20100101 Firefox/55.0"
::1 - - [Mon, 18 Sep 2017 01:11:14 GMT] "GET /javascripts/jquery.js HTTP/1.1" 304 - "http://localhost:3000/" "Mozilla/5.0 (Windows NT 6.1; WOW64; rv:55.0) Gecko/20100101 Firefox/55.0"
::1 - - [Mon, 18 Sep 2017 01:11:14 GMT] "GET /javascripts/bootstrap.js HTTP/1.1" 304 - "http://localhost:3000/" "Mozilla/5.0 (Windows NT 6.1; WOW64; rv:55.0) Gecko/20100101 Firefox/55.0"
::1 - - [Mon, 18 Sep 2017 01:11:14 GMT] "GET /img/glyphicons-halflings-white.png HTTP/1.1" 304 - "http://localhost:3000/stylesheets/bootstrap.css" "Mozilla/5.0 (Windows NT 6.1; WOW64; rv:55.0) Gecko/20100101 Firefox/55.0"
::1 - - [Mon, 18 Sep 2017 01:11:24 GMT] "GET / HTTP/1.1" 200 4016 "http://localhost:3000/login" "Mozilla/5.0 (Windows NT 6.1; WOW64; rv:55.0) Gecko/20100101 Firefox/55.0"
::1 - - [Mon, 18 Sep 2017 01:11:24 GMT] "GET /stylesheets/bootstrap.css HTTP/1.1" 304 - "http://localhost:3000/" "Mozilla/5.0 (Windows NT 6.1; WOW64; rv:55.0) Gecko/20100101 Firefox/55.0"
::1 - - [Mon, 18 Sep 2017 01:11:24 GMT] "GET /stylesheets/bootstrap-responsive.css HTTP/1.1" 304 - "http://localhost:3000/" "Mozilla/5.0 (Windows NT 6.1; WOW64; rv:55.0) Gecko/20100101 Firefox/55.0"
::1 - - [Mon, 18 Sep 2017 01:11:24 GMT] "GET /javascripts/jquery.js HTTP/1.1" 304 - "http://localhost:3000/" "Mozilla/5.0 (Windows NT 6.1; WOW64; rv:55.0) Gecko/20100101 Firefox/55.0"
::1 - - [Mon, 18 Sep 2017 01:11:24 GMT] "GET /javascripts/bootstrap.js HTTP/1.1" 304 - "http://localhost:3000/" "Mozilla/5.0 (Windows NT 6.1; WOW64; rv:55.0) Gecko/20100101 Firefox/55.0"
::1 - - [Mon, 18 Sep 2017 01:11:24 GMT] "GET /img/glyphicons-halflings-white.png HTTP/1.1" 304 - "http://localhost:3000/stylesheets/bootstrap.css" "Mozilla/5.0 (Windows NT 6.1; WOW64; rv:55.0) Gecko/20100101 Firefox/55.0"
